{"meta": {"format": 3, "version": "7.13.0", "timestamp": "2026-03-09T12:26:16.057727", "branch_coverage": false, "show_contexts": false}, "files": {"app/__init__.py": {"executed_lines": [1, 7], "summary": {"covered_lines": 1, "num_statements": 1, "percent_covered": 100.0, "percent_covered_display": "100", "missing_lines": 0, "excluded_lines": 0, "percent_statements_covered": 100.0, "percent_statements_covered_display": "100"}, "missing_lines": [], "excluded_lines": [], "functions": {"": {"executed_lines": [1, 7], "summary": {"covered_lines": 1, "num_statements": 1, "percent_covered": 100.0, "percent_covered_display": "100", "missing_lines": 0, "excluded_lines": 0, "percent_statements_covered": 100.0, "percent_statements_covered_display": "100"}, "missing_lines": [], "excluded_lines": []}}, "classes": {"": {"executed_lines": [1, 7], "summary": {"covered_lines": 1, "num_statements": 1, "percent_covered": 100.0, "percent_covered_display": "100", "missing_lines": 0, "excluded_lines": 0, "percent_statements_covered": 100.0, "percent_statements_covered_display": "100"}, "missing_lines": [], "excluded_lines": []}}}, "app/celery_app.py": {"executed_lines": [1, 7, 9, 15, 17, 19, 23, 26, 27, 30, 34, 37, 45, 60], "summary": {"covered_lines": 13, "num_statements": 16, "percent_covered": 81.25, "percent_covered_display": "81", "missing_lines": 3, "excluded_lines": 0, "percent_statements_covered": 81.25, "percent_statements_covered_display": "81"}, "missing_lines": [24, 28, 31], "excluded_lines": [], "functions": {"_validate_celery_urls": {"executed_lines": [17, 19, 23, 26, 27, 30], "summary": {"covered_lines": 6, "num_statements": 9, "percent_covered": 66.66666666666667, "percent_covered_display": "67", "missing_lines": 3, "excluded_lines": 0, "percent_statements_covered": 66.66666666666667, "percent_statements_covered_display": "67"}, "missing_lines": [24, 28, 31], "excluded_lines": []}, "": {"executed_lines": [1, 7, 9, 15, 34, 37, 45, 60], "summary": {"covered_lines": 7, "num_statements": 7, "percent_covered": 100.0, "percent_covered_display": "100", "missing_lines": 0, "excluded_lines": 0, "percent_statements_covered": 100.0, "percent_statements_covered_display": "100"}, "missing_lines": [], "excluded_lines": []}}, "classes": {"": {"executed_lines": [1, 7, 9, 15, 17, 19, 23, 26, 27, 30, 34, 37, 45, 60], "summary": {"covered_lines": 13, "num_statements": 16, "percent_covered": 81.25, "percent_covered_display": "81", "missing_lines": 3, "excluded_lines": 0, "percent_statements_covered": 81.25, "percent_statements_covered_display": "81"}, "missing_lines": [24, 28, 31], "excluded_lines": []}}}, "app/cli.py": {"executed_lines": [], "summary": {"covered_lines": 0, "num_statements": 90, "percent_covered": 0.0, "percent_covered_display": "0", "missing_lines": 90, "excluded_lines": 0, "percent_statements_covered": 0.0, "percent_statements_covered_display": "0"}, "missing_lines": [7, 8, 10, 13, 14, 17, 18, 20, 23, 24, 25, 26, 32, 33, 34, 37, 39, 40, 43, 45, 47, 48, 49, 52, 53, 54, 55, 56, 57, 63, 64, 67, 74, 75, 78, 79, 81, 82, 83, 86, 87, 88, 89, 90, 91, 92, 93, 99, 100, 101, 104, 107, 109, 110, 111, 112, 113, 114, 116, 117, 122, 126, 127, 128, 129, 130, 132, 134, 135, 136, 139, 140, 141, 147, 148, 149, 152, 154, 155, 156, 159, 162, 164, 165, 167, 168, 169, 171, 172, 173], "excluded_lines": [], "functions": {"cli": {"executed_lines": [], "summary": {"covered_lines": 0, "num_statements": 1, "percent_covered": 0.0, "percent_covered_display": "0", "missing_lines": 1, "excluded_lines": 0, "percent_statements_covered": 0.0, "percent_statements_covered_display": "0"}, "missing_lines": [20], "excluded_lines": []}, "migrate": {"executed_lines": [], "summary": {"covered_lines": 0, "num_statements": 11, "percent_covered": 0.0, "percent_covered_display": "0", "missing_lines": 11, "excluded_lines": 0, "percent_statements_covered": 0.0, "percent_statements_covered_display": "0"}, "missing_lines": [32, 33, 34, 37, 39, 40, 43, 45, 47, 48, 49], "excluded_lines": []}, "worker": {"executed_lines": [], "summary": {"covered_lines": 0, "num_statements": 10, "percent_covered": 0.0, "percent_covered_display": "0", "missing_lines": 10, "excluded_lines": 0, "percent_statements_covered": 0.0, "percent_statements_covered_display": "0"}, "missing_lines": [63, 64, 67, 74, 75, 78, 79, 81, 82, 83], "excluded_lines": []}, "seed": {"executed_lines": [], "summary": {"covered_lines": 0, "num_statements": 23, "percent_covered": 0.0, "percent_covered_display": "0", "missing_lines": 23, "excluded_lines": 0, "percent_statements_covered": 0.0, "percent_statements_covered_display": "0"}, "missing_lines": [99, 100, 101, 104, 107, 109, 110, 111, 112, 113, 114, 116, 117, 122, 126, 127, 128, 129, 130, 132, 134, 135, 136], "excluded_lines": []}, "clear_seed_data": {"executed_lines": [], "summary": {"covered_lines": 0, "num_statements": 17, "percent_covered": 0.0, "percent_covered_display": "0", "missing_lines": 17, "excluded_lines": 0, "percent_statements_covered": 0.0, "percent_statements_covered_display": "0"}, "missing_lines": [147, 148, 149, 152, 154, 155, 156, 159, 162, 164, 165, 167, 168, 169, 171, 172, 173], "excluded_lines": []}, "": {"executed_lines": [], "summary": {"covered_lines": 0, "num_statements": 28, "percent_covered": 0.0, "percent_covered_display": "0", "missing_lines": 28, "excluded_lines": 0, "percent_statements_covered": 0.0, "percent_statements_covered_display": "0"}, "missing_lines": [7, 8, 10, 13, 14, 17, 18, 23, 24, 25, 26, 52, 53, 54, 55, 56, 57, 86, 87, 88, 89, 90, 91, 92, 93, 139, 140, 141], "excluded_lines": []}}, "classes": {"": {"executed_lines": [], "summary": {"covered_lines": 0, "num_statements": 90, "percent_covered": 0.0, "percent_covered_display": "0", "missing_lines": 90, "excluded_lines": 0, "percent_statements_covered": 0.0, "percent_statements_covered_display": "0"}, "missing_lines": [7, 8, 10, 13, 14, 17, 18, 20, 23, 24, 25, 26, 32, 33, 34, 37, 39, 40, 43, 45, 47, 48, 49, 52, 53, 54, 55, 56, 57, 63, 64, 67, 74, 75, 78, 79, 81, 82, 83, 86, 87, 88, 89, 90, 91, 92, 93, 99, 100, 101, 104, 107, 109, 110, 111, 112, 113, 114, 116, 117, 122, 126, 127, 128, 129, 130, 132, 134, 135, 136, 139, 140, 141, 147, 148, 149, 152, 154, 155, 156, 159, 162, 164, 165, 167, 168, 169, 171, 172, 173], "excluded_lines": []}}}, "app/config.py": {"executed_lines": [1, 7, 8, 9, 10, 12, 15, 18, 19, 25, 27, 30, 31, 37, 38, 39, 42, 45, 46, 47, 54, 57, 60, 63, 66, 69, 70, 75, 76, 79, 82, 87, 88, 89, 90, 91, 94, 99, 100, 103, 104, 107, 108, 109, 114, 115, 116, 123, 126, 127, 133, 136, 141, 146, 149, 150, 153, 156, 157, 158, 159, 160, 163, 164, 169, 172, 173, 176, 179, 184, 185, 188, 191, 194, 197, 198, 199, 203, 204, 205, 209, 210, 215, 217, 219, 220, 221, 227, 229, 230, 237, 239, 242, 245, 252, 264, 273, 274, 277, 278, 284, 292, 299, 306, 314, 322, 329, 337, 357, 364, 380, 388, 389, 390, 395, 396, 397, 402, 403, 404, 410, 418], "summary": {"covered_lines": 120, "num_statements": 165, "percent_covered": 72.72727272727273, "percent_covered_display": "73", "missing_lines": 45, "excluded_lines": 0, "percent_statements_covered": 72.72727272727273, "percent_statements_covered_display": "73"}, "missing_lines": [32, 113, 120, 128, 206, 223, 224, 225, 231, 232, 233, 234, 235, 246, 285, 293, 300, 307, 315, 316, 323, 330, 338, 339, 344, 345, 351, 358, 365, 366, 370, 373, 381, 382, 391, 392, 393, 398, 399, 400, 405, 406, 407, 411, 414], "excluded_lines": [], "functions": {"Settings.__init__": {"executed_lines": [27, 30, 31, 37, 38, 39, 42, 45, 46, 47, 54, 57, 60, 63, 66, 69, 70, 75, 76, 79, 82, 87, 88, 89, 90, 91, 94, 99, 100, 103, 104, 107, 108, 109, 114, 115, 116, 123, 126, 127, 133, 136, 141, 146, 149, 150, 153, 156, 157, 158, 159, 160, 163, 164, 169, 172, 173, 176, 179, 184, 185, 188, 191, 194, 197, 198, 199, 203, 204, 205, 209, 210, 215], "summary": {"covered_lines": 73, "num_statements": 78, "percent_covered": 93.58974358974359, "percent_covered_display": "94", "missing_lines": 5, "excluded_lines": 0, "percent_statements_covered": 93.58974358974359, "percent_statements_covered_display": "94"}, "missing_lines": [32, 113, 120, 128, 206], "excluded_lines": []}, "Settings._parse_cors_origins": {"executed_lines": [219, 220, 221], "summary": {"covered_lines": 3, "num_statements": 6, "percent_covered": 50.0, "percent_covered_display": "50", "missing_lines": 3, "excluded_lines": 0, "percent_statements_covered": 50.0, "percent_statements_covered_display": "50"}, "missing_lines": [223, 224, 225], "excluded_lines": []}, "Settings._get_default_log_level": {"executed_lines": [229, 230], "summary": {"covered_lines": 2, "num_statements": 7, "percent_covered": 28.571428571428573, "percent_covered_display": "29", "missing_lines": 5, "excluded_lines": 0, "percent_statements_covered": 28.571428571428573, "percent_statements_covered_display": "29"}, "missing_lines": [231, 232, 233, 234, 235], "excluded_lines": []}, "Settings.__post_init__": {"executed_lines": [239, 242, 245, 252, 264, 273, 274, 277, 278, 284, 292, 299, 306, 314, 322, 329, 337, 357, 364, 380, 388, 389, 390, 395, 396, 397, 402, 403, 404, 410], "summary": {"covered_lines": 30, "num_statements": 62, "percent_covered": 48.38709677419355, "percent_covered_display": "48", "missing_lines": 32, "excluded_lines": 0, "percent_statements_covered": 48.38709677419355, "percent_statements_covered_display": "48"}, "missing_lines": [246, 285, 293, 300, 307, 315, 316, 323, 330, 338, 339, 344, 345, 351, 358, 365, 366, 370, 373, 381, 382, 391, 392, 393, 398, 399, 400, 405, 406, 407, 411, 414], "excluded_lines": []}, "": {"executed_lines": [1, 7, 8, 9, 10, 12, 15, 18, 19, 25, 217, 227, 237, 418], "summary": {"covered_lines": 12, "num_statements": 12, "percent_covered": 100.0, "percent_covered_display": "100", "missing_lines": 0, "excluded_lines": 0, "percent_statements_covered": 100.0, "percent_statements_covered_display": "100"}, "missing_lines": [], "excluded_lines": []}}, "classes": {"Settings": {"executed_lines": [27, 30, 31, 37, 38, 39, 42, 45, 46, 47, 54, 57, 60, 63, 66, 69, 70, 75, 76, 79, 82, 87, 88, 89, 90, 91, 94, 99, 100, 103, 104, 107, 108, 109, 114, 115, 116, 123, 126, 127, 133, 136, 141, 146, 149, 150, 153, 156, 157, 158, 159, 160, 163, 164, 169, 172, 173, 176, 179, 184, 185, 188, 191, 194, 197, 198, 199, 203, 204, 205, 209, 210, 215, 219, 220, 221, 229, 230, 239, 242, 245, 252, 264, 273, 274, 277, 278, 284, 292, 299, 306, 314, 322, 329, 337, 357, 364, 380, 388, 389, 390, 395, 396, 397, 402, 403, 404, 410], "summary": {"covered_lines": 108, "num_statements": 153, "percent_covered": 70.58823529411765, "percent_covered_display": "71", "missing_lines": 45, "excluded_lines": 0, "percent_statements_covered": 70.58823529411765, "percent_statements_covered_display": "71"}, "missing_lines": [32, 113, 120, 128, 206, 223, 224, 225, 231, 232, 233, 234, 235, 246, 285, 293, 300, 307, 315, 316, 323, 330, 338, 339, 344, 345, 351, 358, 365, 366, 370, 373, 381, 382, 391, 392, 393, 398, 399, 400, 405, 406, 407, 411, 414], "excluded_lines": []}, "": {"executed_lines": [1, 7, 8, 9, 10, 12, 15, 18, 19, 25, 217, 227, 237, 418], "summary": {"covered_lines": 12, "num_statements": 12, "percent_covered": 100.0, "percent_covered_display": "100", "missing_lines": 0, "excluded_lines": 0, "percent_statements_covered": 100.0, "percent_statements_covered_display": "100"}, "missing_lines": [], "excluded_lines": []}}}, "app/database/__init__.py": {"executed_lines": [1, 7, 8, 20], "summary": {"covered_lines": 3, "num_statements": 3, "percent_covered": 100.0, "percent_covered_display": "100", "missing_lines": 0, "excluded_lines": 0, "percent_statements_covered": 100.0, "percent_statements_covered_display": "100"}, "missing_lines": [], "excluded_lines": [], "functions": {"": {"executed_lines": [1, 7, 8, 20], "summary": {"covered_lines": 3, "num_statements": 3, "percent_covered": 100.0, "percent_covered_display": "100", "missing_lines": 0, "excluded_lines": 0, "percent_statements_covered": 100.0, "percent_statements_covered_display": "100"}, "missing_lines": [], "excluded_lines": []}}, "classes": {"": {"executed_lines": [1, 7, 8, 20], "summary": {"covered_lines": 3, "num_statements": 3, "percent_covered": 100.0, "percent_covered_display": "100", "missing_lines": 0, "excluded_lines": 0, "percent_statements_covered": 100.0, "percent_statements_covered_display": "100"}, "missing_lines": [], "excluded_lines": []}}}, "app/database/connection.py": {"executed_lines": [1, 7, 8, 9, 10, 11, 12, 14, 15, 17, 18, 20, 24, 33, 46, 49, 64, 78, 97, 156, 176, 177, 200, 213, 254], "summary": {"covered_lines": 24, "num_statements": 97, "percent_covered": 24.742268041237114, "percent_covered_display": "25", "missing_lines": 73, "excluded_lines": 0, "percent_statements_covered": 24.742268041237114, "percent_statements_covered_display": "25"}, "missing_lines": [26, 59, 60, 61, 74, 75, 84, 86, 87, 90, 92, 93, 94, 104, 105, 107, 109, 110, 111, 113, 114, 115, 118, 119, 122, 123, 124, 125, 126, 127, 128, 130, 133, 136, 144, 145, 146, 148, 149, 150, 151, 153, 169, 170, 171, 173, 189, 190, 191, 192, 193, 194, 195, 197, 206, 207, 208, 209, 210, 220, 222, 232, 233, 234, 236, 237, 240, 241, 245, 246, 251, 258, 259], "excluded_lines": [], "functions": {"generate_secure_password": {"executed_lines": [], "summary": {"covered_lines": 0, "num_statements": 3, "percent_covered": 0.0, "percent_covered_display": "0", "missing_lines": 3, "excluded_lines": 0, "percent_statements_covered": 0.0, "percent_statements_covered_display": "0"}, "missing_lines": [59, 60, 61], "excluded_lines": []}, "generate_secure_username": {"executed_lines": [], "summary": {"covered_lines": 0, "num_statements": 2, "percent_covered": 0.0, "percent_covered_display": "0", "missing_lines": 2, "excluded_lines": 0, "percent_statements_covered": 0.0, "percent_statements_covered_display": "0"}, "missing_lines": [74, 75], "excluded_lines": []}, "init_db": {"executed_lines": [], "summary": {"covered_lines": 0, "num_statements": 7, "percent_covered": 0.0, "percent_covered_display": "0", "missing_lines": 7, "excluded_lines": 0, "percent_statements_covered": 0.0, "percent_statements_covered_display": "0"}, "missing_lines": [84, 86, 87, 90, 92, 93, 94], "excluded_lines": []}, "create_default_user": {"executed_lines": [], "summary": {"covered_lines": 0, "num_statements": 29, "percent_covered": 0.0, "percent_covered_display": "0", "missing_lines": 29, "excluded_lines": 0, "percent_statements_covered": 0.0, "percent_statements_covered_display": "0"}, "missing_lines": [104, 105, 107, 109, 110, 111, 113, 114, 115, 118, 119, 122, 123, 124, 125, 126, 127, 128, 130, 133, 136, 144, 145, 146, 148, 149, 150, 151, 153], "excluded_lines": []}, "get_db": {"executed_lines": [], "summary": {"covered_lines": 0, "num_statements": 4, "percent_covered": 0.0, "percent_covered_display": "0", "missing_lines": 4, "excluded_lines": 0, "percent_statements_covered": 0.0, "percent_statements_covered_display": "0"}, "missing_lines": [169, 170, 171, 173], "excluded_lines": []}, "get_db_context": {"executed_lines": [], "summary": {"covered_lines": 0, "num_statements": 8, "percent_covered": 0.0, "percent_covered_display": "0", "missing_lines": 8, "excluded_lines": 0, "percent_statements_covered": 0.0, "percent_statements_covered_display": "0"}, "missing_lines": [189, 190, 191, 192, 193, 194, 195, 197], "excluded_lines": []}, "close_db": {"executed_lines": [], "summary": {"covered_lines": 0, "num_statements": 5, "percent_covered": 0.0, "percent_covered_display": "0", "missing_lines": 5, "excluded_lines": 0, "percent_statements_covered": 0.0, "percent_statements_covered_display": "0"}, "missing_lines": [206, 207, 208, 209, 210], "excluded_lines": []}, "get_pool_status": {"executed_lines": [], "summary": {"covered_lines": 0, "num_statements": 12, "percent_covered": 0.0, "percent_covered_display": "0", "missing_lines": 12, "excluded_lines": 0, "percent_statements_covered": 0.0, "percent_statements_covered_display": "0"}, "missing_lines": [220, 222, 232, 233, 234, 236, 237, 240, 241, 245, 246, 251], "excluded_lines": []}, "log_pool_status": {"executed_lines": [], "summary": {"covered_lines": 0, "num_statements": 2, "percent_covered": 0.0, "percent_covered_display": "0", "missing_lines": 2, "excluded_lines": 0, "percent_statements_covered": 0.0, "percent_statements_covered_display": "0"}, "missing_lines": [258, 259], "excluded_lines": []}, "": {"executed_lines": [1, 7, 8, 9, 10, 11, 12, 14, 15, 17, 18, 20, 24, 33, 46, 49, 64, 78, 97, 156, 176, 177, 200, 213, 254], "summary": {"covered_lines": 24, "num_statements": 25, "percent_covered": 96.0, "percent_covered_display": "96", "missing_lines": 1, "excluded_lines": 0, "percent_statements_covered": 96.0, "percent_statements_covered_display": "96"}, "missing_lines": [26], "excluded_lines": []}}, "classes": {"": {"executed_lines": [1, 7, 8, 9, 10, 11, 12, 14, 15, 17, 18, 20, 24, 33, 46, 49, 64, 78, 97, 156, 176, 177, 200, 213, 254], "summary": {"covered_lines": 24, "num_statements": 97, "percent_covered": 24.742268041237114, "percent_covered_display": "25", "missing_lines": 73, "excluded_lines": 0, "percent_statements_covered": 24.742268041237114, "percent_statements_covered_display": "25"}, "missing_lines": [26, 59, 60, 61, 74, 75, 84, 86, 87, 90, 92, 93, 94, 104, 105, 107, 109, 110, 111, 113, 114, 115, 118, 119, 122, 123, 124, 125, 126, 127, 128, 130, 133, 136, 144, 145, 146, 148, 149, 150, 151, 153, 169, 170, 171, 173, 189, 190, 191, 192, 193, 194, 195, 197, 206, 207, 208, 209, 210, 220, 222, 232, 233, 234, 236, 237, 240, 241, 245, 246, 251, 258, 259], "excluded_lines": []}}}, "app/database/models.py": {"executed_lines": [1, 7, 8, 10, 25, 26, 28, 36, 37, 39, 40, 41, 42, 43, 46, 47, 49, 50, 51, 52, 53, 61, 62, 64, 66, 72, 75, 78, 79, 80, 83, 86, 89, 90, 91, 94, 97, 98, 104, 111, 114, 115, 118, 120, 124, 125, 127, 129, 135, 142, 143, 144, 145, 146, 147, 148, 149, 155, 164, 165, 168, 175, 179, 180, 182, 184, 190, 197, 204, 209, 214, 221, 227, 234, 235, 236, 239, 240, 241, 242, 247, 255, 259, 260, 262, 264, 270, 277, 278, 279, 287, 290, 291, 292, 298, 299, 302, 303, 308, 309, 315, 323, 330, 334, 335, 337, 339, 342, 348, 354, 360, 368, 371, 376, 384, 388, 389, 391, 393, 396, 403, 404, 405, 413, 416, 421, 425, 426, 428, 430, 436, 443, 444, 447, 453, 458, 463, 467, 468, 470, 472, 478, 485, 486, 487, 490, 491, 496, 497, 503, 506, 509, 515, 519, 520, 522, 524, 530, 537, 538, 539, 540, 541, 542, 548, 551, 552, 553, 554, 555, 563, 569, 573, 574, 576, 578, 584, 591, 592, 595, 598, 604, 605, 606, 607, 610, 613, 619], "summary": {"covered_lines": 165, "num_statements": 165, "percent_covered": 100.0, "percent_covered_display": "100", "missing_lines": 0, "excluded_lines": 20, "percent_statements_covered": 100.0, "percent_statements_covered_display": "100"}, "missing_lines": [], "excluded_lines": [120, 121, 175, 176, 255, 256, 330, 331, 384, 385, 421, 422, 463, 464, 515, 516, 569, 570, 619, 620], "functions": {"User.__repr__": {"executed_lines": [], "summary": {"covered_lines": 0, "num_statements": 0, "percent_covered": 100.0, "percent_covered_display": "100", "missing_lines": 0, "excluded_lines": 1, "percent_statements_covered": 100.0, "percent_statements_covered_display": "100"}, "missing_lines": [], "excluded_lines": [121]}, "SessionTemplate.__repr__": {"executed_lines": [], "summary": {"covered_lines": 0, "num_statements": 0, "percent_covered": 100.0, "percent_covered_display": "100", "missing_lines": 0, "excluded_lines": 1, "percent_statements_covered": 100.0, "percent_statements_covered_display": "100"}, "missing_lines": [], "excluded_lines": [176]}, "Session.__repr__": {"executed_lines": [], "summary": {"covered_lines": 0, "num_statements": 0, "percent_covered": 100.0, "percent_covered_display": "100", "missing_lines": 0, "excluded_lines": 1, "percent_statements_covered": 100.0, "percent_statements_covered_display": "100"}, "missing_lines": [], "excluded_lines": [256]}, "Task.__repr__": {"executed_lines": [], "summary": {"covered_lines": 0, "num_statements": 0, "percent_covered": 100.0, "percent_covered_display": "100", "missing_lines": 0, "excluded_lines": 1, "percent_statements_covered": 100.0, "percent_statements_covered_display": "100"}, "missing_lines": [], "excluded_lines": [331]}, "TaskDependency.__repr__": {"executed_lines": [], "summary": {"covered_lines": 0, "num_statements": 0, "percent_covered": 100.0, "percent_covered_display": "100", "missing_lines": 0, "excluded_lines": 1, "percent_statements_covered": 100.0, "percent_statements_covered_display": "100"}, "missing_lines": [], "excluded_lines": [385]}, "SessionData.__repr__": {"executed_lines": [], "summary": {"covered_lines": 0, "num_statements": 0, "percent_covered": 100.0, "percent_covered_display": "100", "missing_lines": 0, "excluded_lines": 1, "percent_statements_covered": 100.0, "percent_statements_covered_display": "100"}, "missing_lines": [], "excluded_lines": [422]}, "RefreshToken.__repr__": {"executed_lines": [], "summary": {"covered_lines": 0, "num_statements": 0, "percent_covered": 100.0, "percent_covered_display": "100", "missing_lines": 0, "excluded_lines": 1, "percent_statements_covered": 100.0, "percent_statements_covered_display": "100"}, "missing_lines": [], "excluded_lines": [464]}, "APIKey.__repr__": {"executed_lines": [], "summary": {"covered_lines": 0, "num_statements": 0, "percent_covered": 100.0, "percent_covered_display": "100", "missing_lines": 0, "excluded_lines": 1, "percent_statements_covered": 100.0, "percent_statements_covered_display": "100"}, "missing_lines": [], "excluded_lines": [516]}, "WebhookDelivery.__repr__": {"executed_lines": [], "summary": {"covered_lines": 0, "num_statements": 0, "percent_covered": 100.0, "percent_covered_display": "100", "missing_lines": 0, "excluded_lines": 1, "percent_statements_covered": 100.0, "percent_statements_covered_display": "100"}, "missing_lines": [], "excluded_lines": [570]}, "AuditLog.__repr__": {"executed_lines": [], "summary": {"covered_lines": 0, "num_statements": 0, "percent_covered": 100.0, "percent_covered_display": "100", "missing_lines": 0, "excluded_lines": 1, "percent_statements_covered": 100.0, "percent_statements_covered_display": "100"}, "missing_lines": [], "excluded_lines": [620]}, "": {"executed_lines": [1, 7, 8, 10, 25, 26, 28, 36, 37, 39, 40, 41, 42, 43, 46, 47, 49, 50, 51, 52, 53, 61, 62, 64, 66, 72, 75, 78, 79, 80, 83, 86, 89, 90, 91, 94, 97, 98, 104, 111, 114, 115, 118, 120, 124, 125, 127, 129, 135, 142, 143, 144, 145, 146, 147, 148, 149, 155, 164, 165, 168, 175, 179, 180, 182, 184, 190, 197, 204, 209, 214, 221, 227, 234, 235, 236, 239, 240, 241, 242, 247, 255, 259, 260, 262, 264, 270, 277, 278, 279, 287, 290, 291, 292, 298, 299, 302, 303, 308, 309, 315, 323, 330, 334, 335, 337, 339, 342, 348, 354, 360, 368, 371, 376, 384, 388, 389, 391, 393, 396, 403, 404, 405, 413, 416, 421, 425, 426, 428, 430, 436, 443, 444, 447, 453, 458, 463, 467, 468, 470, 472, 478, 485, 486, 487, 490, 491, 496, 497, 503, 506, 509, 515, 519, 520, 522, 524, 530, 537, 538, 539, 540, 541, 542, 548, 551, 552, 553, 554, 555, 563, 569, 573, 574, 576, 578, 584, 591, 592, 595, 598, 604, 605, 606, 607, 610, 613, 619], "summary": {"covered_lines": 165, "num_statements": 165, "percent_covered": 100.0, "percent_covered_display": "100", "missing_lines": 0, "excluded_lines": 10, "percent_statements_covered": 100.0, "percent_statements_covered_display": "100"}, "missing_lines": [], "excluded_lines": [120, 175, 255, 330, 384, 421, 463, 515, 569, 619]}}, "classes": {"SessionState": {"executed_lines": [], "summary": {"covered_lines": 0, "num_statements": 0, "percent_covered": 100.0, "percent_covered_display": "100", "missing_lines": 0, "excluded_lines": 0, "percent_statements_covered": 100.0, "percent_statements_covered_display": "100"}, "missing_lines": [], "excluded_lines": []}, "TaskStatus": {"executed_lines": [], "summary": {"covered_lines": 0, "num_statements": 0, "percent_covered": 100.0, "percent_covered_display": "100", "missing_lines": 0, "excluded_lines": 0, "percent_statements_covered": 100.0, "percent_statements_covered_display": "100"}, "missing_lines": [], "excluded_lines": []}, "User": {"executed_lines": [], "summary": {"covered_lines": 0, "num_statements": 0, "percent_covered": 100.0, "percent_covered_display": "100", "missing_lines": 0, "excluded_lines": 1, "percent_statements_covered": 100.0, "percent_statements_covered_display": "100"}, "missing_lines": [], "excluded_lines": [121]}, "SessionTemplate": {"executed_lines": [], "summary": {"covered_lines": 0, "num_statements": 0, "percent_covered": 100.0, "percent_covered_display": "100", "missing_lines": 0, "excluded_lines": 1, "percent_statements_covered": 100.0, "percent_statements_covered_display": "100"}, "missing_lines": [], "excluded_lines": [176]}, "Session": {"executed_lines": [], "summary": {"covered_lines": 0, "num_statements": 0, "percent_covered": 100.0, "percent_covered_display": "100", "missing_lines": 0, "excluded_lines": 1, "percent_statements_covered": 100.0, "percent_statements_covered_display": "100"}, "missing_lines": [], "excluded_lines": [256]}, "Task": {"executed_lines": [], "summary": {"covered_lines": 0, "num_statements": 0, "percent_covered": 100.0, "percent_covered_display": "100", "missing_lines": 0, "excluded_lines": 1, "percent_statements_covered": 100.0, "percent_statements_covered_display": "100"}, "missing_lines": [], "excluded_lines": [331]}, "TaskDependency": {"executed_lines": [], "summary": {"covered_lines": 0, "num_statements": 0, "percent_covered": 100.0, "percent_covered_display": "100", "missing_lines": 0, "excluded_lines": 1, "percent_statements_covered": 100.0, "percent_statements_covered_display": "100"}, "missing_lines": [], "excluded_lines": [385]}, "SessionData": {"executed_lines": [], "summary": {"covered_lines": 0, "num_statements": 0, "percent_covered": 100.0, "percent_covered_display": "100", "missing_lines": 0, "excluded_lines": 1, "percent_statements_covered": 100.0, "percent_statements_covered_display": "100"}, "missing_lines": [], "excluded_lines": [422]}, "RefreshToken": {"executed_lines": [], "summary": {"covered_lines": 0, "num_statements": 0, "percent_covered": 100.0, "percent_covered_display": "100", "missing_lines": 0, "excluded_lines": 1, "percent_statements_covered": 100.0, "percent_statements_covered_display": "100"}, "missing_lines": [], "excluded_lines": [464]}, "APIKey": {"executed_lines": [], "summary": {"covered_lines": 0, "num_statements": 0, "percent_covered": 100.0, "percent_covered_display": "100", "missing_lines": 0, "excluded_lines": 1, "percent_statements_covered": 100.0, "percent_statements_covered_display": "100"}, "missing_lines": [], "excluded_lines": [516]}, "WebhookDelivery": {"executed_lines": [], "summary": {"covered_lines": 0, "num_statements": 0, "percent_covered": 100.0, "percent_covered_display": "100", "missing_lines": 0, "excluded_lines": 1, "percent_statements_covered": 100.0, "percent_statements_covered_display": "100"}, "missing_lines": [], "excluded_lines": [570]}, "AuditLog": {"executed_lines": [], "summary": {"covered_lines": 0, "num_statements": 0, "percent_covered": 100.0, "percent_covered_display": "100", "missing_lines": 0, "excluded_lines": 1, "percent_statements_covered": 100.0, "percent_statements_covered_display": "100"}, "missing_lines": [], "excluded_lines": [620]}, "": {"executed_lines": [1, 7, 8, 10, 25, 26, 28, 36, 37, 39, 40, 41, 42, 43, 46, 47, 49, 50, 51, 52, 53, 61, 62, 64, 66, 72, 75, 78, 79, 80, 83, 86, 89, 90, 91, 94, 97, 98, 104, 111, 114, 115, 118, 120, 124, 125, 127, 129, 135, 142, 143, 144, 145, 146, 147, 148, 149, 155, 164, 165, 168, 175, 179, 180, 182, 184, 190, 197, 204, 209, 214, 221, 227, 234, 235, 236, 239, 240, 241, 242, 247, 255, 259, 260, 262, 264, 270, 277, 278, 279, 287, 290, 291, 292, 298, 299, 302, 303, 308, 309, 315, 323, 330, 334, 335, 337, 339, 342, 348, 354, 360, 368, 371, 376, 384, 388, 389, 391, 393, 396, 403, 404, 405, 413, 416, 421, 425, 426, 428, 430, 436, 443, 444, 447, 453, 458, 463, 467, 468, 470, 472, 478, 485, 486, 487, 490, 491, 496, 497, 503, 506, 509, 515, 519, 520, 522, 524, 530, 537, 538, 539, 540, 541, 542, 548, 551, 552, 553, 554, 555, 563, 569, 573, 574, 576, 578, 584, 591, 592, 595, 598, 604, 605, 606, 607, 610, 613, 619], "summary": {"covered_lines": 165, "num_statements": 165, "percent_covered": 100.0, "percent_covered_display": "100", "missing_lines": 0, "excluded_lines": 10, "percent_statements_covered": 100.0, "percent_statements_covered_display": "100"}, "missing_lines": [], "excluded_lines": [120, 175, 255, 330, 384, 421, 463, 515, 569, 619]}}}, "app/database/sharded_connection.py": {"executed_lines": [], "summary": {"covered_lines": 0, "num_statements": 94, "percent_covered": 0.0, "percent_covered_display": "0", "missing_lines": 94, "excluded_lines": 0, "percent_statements_covered": 0.0, "percent_statements_covered_display": "0"}, "missing_lines": [7, 8, 9, 10, 11, 12, 14, 15, 17, 20, 23, 24, 25, 28, 30, 32, 34, 35, 36, 39, 40, 50, 61, 62, 66, 68, 70, 72, 74, 76, 86, 87, 89, 90, 92, 94, 104, 106, 107, 109, 111, 112, 122, 123, 124, 125, 126, 127, 128, 130, 132, 133, 143, 144, 145, 146, 147, 148, 149, 151, 153, 168, 170, 171, 172, 173, 174, 175, 176, 177, 180, 182, 184, 186, 187, 189, 190, 191, 198, 199, 200, 202, 204, 206, 207, 208, 209, 210, 211, 215, 216, 217, 218, 220], "excluded_lines": [], "functions": {"ShardedDatabaseManager.__init__": {"executed_lines": [], "summary": {"covered_lines": 0, "num_statements": 3, "percent_covered": 0.0, "percent_covered_display": "0", "missing_lines": 3, "excluded_lines": 0, "percent_statements_covered": 0.0, "percent_statements_covered_display": "0"}, "missing_lines": [24, 25, 28], "excluded_lines": []}, "ShardedDatabaseManager._initialize_shard_engines": {"executed_lines": [], "summary": {"covered_lines": 0, "num_statements": 10, "percent_covered": 0.0, "percent_covered_display": "0", "missing_lines": 10, "excluded_lines": 0, "percent_statements_covered": 0.0, "percent_statements_covered_display": "0"}, "missing_lines": [32, 34, 35, 36, 39, 40, 50, 61, 62, 66], "excluded_lines": []}, "ShardedDatabaseManager.get_shard_for_user": {"executed_lines": [], "summary": {"covered_lines": 0, "num_statements": 1, "percent_covered": 0.0, "percent_covered_display": "0", "missing_lines": 1, "excluded_lines": 0, "percent_statements_covered": 0.0, "percent_statements_covered_display": "0"}, "missing_lines": [70], "excluded_lines": []}, "ShardedDatabaseManager.get_engine_for_shard": {"executed_lines": [], "summary": {"covered_lines": 0, "num_statements": 1, "percent_covered": 0.0, "percent_covered_display": "0", "missing_lines": 1, "excluded_lines": 0, "percent_statements_covered": 0.0, "percent_statements_covered_display": "0"}, "missing_lines": [74], "excluded_lines": []}, "ShardedDatabaseManager.get_session_for_user": {"executed_lines": [], "summary": {"covered_lines": 0, "num_statements": 5, "percent_covered": 0.0, "percent_covered_display": "0", "missing_lines": 5, "excluded_lines": 0, "percent_statements_covered": 0.0, "percent_statements_covered_display": "0"}, "missing_lines": [86, 87, 89, 90, 92], "excluded_lines": []}, "ShardedDatabaseManager.get_session_for_shard": {"executed_lines": [], "summary": {"covered_lines": 0, "num_statements": 4, "percent_covered": 0.0, "percent_covered_display": "0", "missing_lines": 4, "excluded_lines": 0, "percent_statements_covered": 0.0, "percent_statements_covered_display": "0"}, "missing_lines": [104, 106, 107, 109], "excluded_lines": []}, "ShardedDatabaseManager.get_user_session": {"executed_lines": [], "summary": {"covered_lines": 0, "num_statements": 8, "percent_covered": 0.0, "percent_covered_display": "0", "missing_lines": 8, "excluded_lines": 0, "percent_statements_covered": 0.0, "percent_statements_covered_display": "0"}, "missing_lines": [122, 123, 124, 125, 126, 127, 128, 130], "excluded_lines": []}, "ShardedDatabaseManager.get_shard_session": {"executed_lines": [], "summary": {"covered_lines": 0, "num_statements": 8, "percent_covered": 0.0, "percent_covered_display": "0", "missing_lines": 8, "excluded_lines": 0, "percent_statements_covered": 0.0, "percent_statements_covered_display": "0"}, "missing_lines": [143, 144, 145, 146, 147, 148, 149, 151], "excluded_lines": []}, "ShardedDatabaseManager.execute_cross_shard_query": {"executed_lines": [], "summary": {"covered_lines": 0, "num_statements": 10, "percent_covered": 0.0, "percent_covered_display": "0", "missing_lines": 10, "excluded_lines": 0, "percent_statements_covered": 0.0, "percent_statements_covered_display": "0"}, "missing_lines": [168, 170, 171, 172, 173, 174, 175, 176, 177, 180], "excluded_lines": []}, "ShardedDatabaseManager.get_shard_stats": {"executed_lines": [], "summary": {"covered_lines": 0, "num_statements": 10, "percent_covered": 0.0, "percent_covered_display": "0", "missing_lines": 10, "excluded_lines": 0, "percent_statements_covered": 0.0, "percent_statements_covered_display": "0"}, "missing_lines": [184, 186, 187, 189, 190, 191, 198, 199, 200, 202], "excluded_lines": []}, "ShardedDatabaseManager.close_all_connections": {"executed_lines": [], "summary": {"covered_lines": 0, "num_statements": 6, "percent_covered": 0.0, "percent_covered_display": "0", "missing_lines": 6, "excluded_lines": 0, "percent_statements_covered": 0.0, "percent_statements_covered_display": "0"}, "missing_lines": [206, 207, 208, 209, 210, 211], "excluded_lines": []}, "": {"executed_lines": [], "summary": {"covered_lines": 0, "num_statements": 28, "percent_covered": 0.0, "percent_covered_display": "0", "missing_lines": 28, "excluded_lines": 0, "percent_statements_covered": 0.0, "percent_statements_covered_display": "0"}, "missing_lines": [7, 8, 9, 10, 11, 12, 14, 15, 17, 20, 23, 30, 68, 72, 76, 94, 111, 112, 132, 133, 153, 182, 204, 215, 216, 217, 218, 220], "excluded_lines": []}}, "classes": {"ShardedDatabaseManager": {"executed_lines": [], "summary": {"covered_lines": 0, "num_statements": 66, "percent_covered": 0.0, "percent_covered_display": "0", "missing_lines": 66, "excluded_lines": 0, "percent_statements_covered": 0.0, "percent_statements_covered_display": "0"}, "missing_lines": [24, 25, 28, 32, 34, 35, 36, 39, 40, 50, 61, 62, 66, 70, 74, 86, 87, 89, 90, 92, 104, 106, 107, 109, 122, 123, 124, 125, 126, 127, 128, 130, 143, 144, 145, 146, 147, 148, 149, 151, 168, 170, 171, 172, 173, 174, 175, 176, 177, 180, 184, 186, 187, 189, 190, 191, 198, 199, 200, 202, 206, 207, 208, 209, 210, 211], "excluded_lines": []}, "": {"executed_lines": [], "summary": {"covered_lines": 0, "num_statements": 28, "percent_covered": 0.0, "percent_covered_display": "0", "missing_lines": 28, "excluded_lines": 0, "percent_statements_covered": 0.0, "percent_statements_covered_display": "0"}, "missing_lines": [7, 8, 9, 10, 11, 12, 14, 15, 17, 20, 23, 30, 68, 72, 76, 94, 111, 112, 132, 133, 153, 182, 204, 215, 216, 217, 218, 220], "excluded_lines": []}}}, "app/dependency_checker.py": {"executed_lines": [], "summary": {"covered_lines": 0, "num_statements": 77, "percent_covered": 0.0, "percent_covered_display": "0", "missing_lines": 77, "excluded_lines": 4, "percent_statements_covered": 0.0, "percent_statements_covered_display": "0"}, "missing_lines": [3, 4, 5, 6, 8, 12, 30, 40, 41, 42, 43, 46, 59, 60, 61, 62, 64, 65, 67, 71, 73, 74, 75, 76, 77, 78, 81, 100, 101, 103, 105, 106, 107, 109, 110, 114, 115, 117, 118, 119, 121, 122, 124, 125, 126, 127, 129, 131, 132, 133, 134, 136, 137, 138, 139, 141, 142, 143, 144, 145, 147, 148, 149, 151, 152, 154, 156, 157, 160, 170, 172, 173, 176, 178, 179, 181, 183], "excluded_lines": [186, 188, 194, 195], "functions": {"parse_version": {"executed_lines": [], "summary": {"covered_lines": 0, "num_statements": 4, "percent_covered": 0.0, "percent_covered_display": "0", "missing_lines": 4, "excluded_lines": 0, "percent_statements_covered": 0.0, "percent_statements_covered_display": "0"}, "missing_lines": [40, 41, 42, 43], "excluded_lines": []}, "check_package_version": {"executed_lines": [], "summary": {"covered_lines": 0, "num_statements": 14, "percent_covered": 0.0, "percent_covered_display": "0", "missing_lines": 14, "excluded_lines": 0, "percent_statements_covered": 0.0, "percent_statements_covered_display": "0"}, "missing_lines": [59, 60, 61, 62, 64, 65, 67, 71, 73, 74, 75, 76, 77, 78], "excluded_lines": []}, "check_dependencies": {"executed_lines": [], "summary": {"covered_lines": 0, "num_statements": 41, "percent_covered": 0.0, "percent_covered_display": "0", "missing_lines": 41, "excluded_lines": 0, "percent_statements_covered": 0.0, "percent_statements_covered_display": "0"}, "missing_lines": [100, 101, 103, 105, 106, 107, 109, 110, 114, 115, 117, 118, 119, 121, 122, 124, 125, 126, 127, 129, 131, 132, 133, 134, 136, 137, 138, 139, 141, 142, 143, 144, 145, 147, 148, 149, 151, 152, 154, 156, 157], "excluded_lines": []}, "check_optional_dependencies": {"executed_lines": [], "summary": {"covered_lines": 0, "num_statements": 8, "percent_covered": 0.0, "percent_covered_display": "0", "missing_lines": 8, "excluded_lines": 0, "percent_statements_covered": 0.0, "percent_statements_covered_display": "0"}, "missing_lines": [170, 172, 173, 176, 178, 179, 181, 183], "excluded_lines": []}, "": {"executed_lines": [], "summary": {"covered_lines": 0, "num_statements": 10, "percent_covered": 0.0, "percent_covered_display": "0", "missing_lines": 10, "excluded_lines": 4, "percent_statements_covered": 0.0, "percent_statements_covered_display": "0"}, "missing_lines": [3, 4, 5, 6, 8, 12, 30, 46, 81, 160], "excluded_lines": [186, 188, 194, 195]}}, "classes": {"": {"executed_lines": [], "summary": {"covered_lines": 0, "num_statements": 77, "percent_covered": 0.0, "percent_covered_display": "0", "missing_lines": 77, "excluded_lines": 4, "percent_statements_covered": 0.0, "percent_statements_covered_display": "0"}, "missing_lines": [3, 4, 5, 6, 8, 12, 30, 40, 41, 42, 43, 46, 59, 60, 61, 62, 64, 65, 67, 71, 73, 74, 75, 76, 77, 78, 81, 100, 101, 103, 105, 106, 107, 109, 110, 114, 115, 117, 118, 119, 121, 122, 124, 125, 126, 127, 129, 131, 132, 133, 134, 136, 137, 138, 139, 141, 142, 143, 144, 145, 147, 148, 149, 151, 152, 154, 156, 157, 160, 170, 172, 173, 176, 178, 179, 181, 183], "excluded_lines": [186, 188, 194, 195]}}}, "app/exception_handlers.py": {"executed_lines": [1, 7, 8, 9, 10, 12, 13, 14, 15, 16, 18, 19, 20, 22, 25, 35, 60, 116, 179, 290], "summary": {"covered_lines": 19, "num_statements": 79, "percent_covered": 24.050632911392405, "percent_covered_display": "24", "missing_lines": 60, "excluded_lines": 0, "percent_statements_covered": 24.050632911392405, "percent_statements_covered_display": "24"}, "missing_lines": [32, 49, 52, 57, 76, 79, 80, 81, 90, 101, 130, 133, 148, 151, 152, 164, 194, 197, 200, 204, 212, 217, 220, 221, 222, 223, 224, 225, 227, 228, 229, 230, 232, 236, 237, 238, 239, 243, 245, 246, 247, 248, 250, 251, 252, 253, 254, 255, 256, 264, 265, 268, 269, 276, 301, 304, 305, 308, 311, 313], "excluded_lines": [], "functions": {"generate_request_id": {"executed_lines": [], "summary": {"covered_lines": 0, "num_statements": 1, "percent_covered": 0.0, "percent_covered_display": "0", "missing_lines": 1, "excluded_lines": 0, "percent_statements_covered": 0.0, "percent_statements_covered_display": "0"}, "missing_lines": [32], "excluded_lines": []}, "api_error_handler": {"executed_lines": [], "summary": {"covered_lines": 0, "num_statements": 3, "percent_covered": 0.0, "percent_covered_display": "0", "missing_lines": 3, "excluded_lines": 0, "percent_statements_covered": 0.0, "percent_statements_covered_display": "0"}, "missing_lines": [49, 52, 57], "excluded_lines": []}, "validation_error_handler": {"executed_lines": [], "summary": {"covered_lines": 0, "num_statements": 6, "percent_covered": 0.0, "percent_covered_display": "0", "missing_lines": 6, "excluded_lines": 0, "percent_statements_covered": 0.0, "percent_statements_covered_display": "0"}, "missing_lines": [76, 79, 80, 81, 90, 101], "excluded_lines": []}, "http_exception_handler": {"executed_lines": [], "summary": {"covered_lines": 0, "num_statements": 6, "percent_covered": 0.0, "percent_covered_display": "0", "missing_lines": 6, "excluded_lines": 0, "percent_statements_covered": 0.0, "percent_statements_covered_display": "0"}, "missing_lines": [130, 133, 148, 151, 152, 164], "excluded_lines": []}, "unhandled_exception_handler": {"executed_lines": [], "summary": {"covered_lines": 0, "num_statements": 38, "percent_covered": 0.0, "percent_covered_display": "0", "missing_lines": 38, "excluded_lines": 0, "percent_statements_covered": 0.0, "percent_statements_covered_display": "0"}, "missing_lines": [194, 197, 200, 204, 212, 217, 220, 221, 222, 223, 224, 225, 227, 228, 229, 230, 232, 236, 237, 238, 239, 243, 245, 246, 247, 248, 250, 251, 252, 253, 254, 255, 256, 264, 265, 268, 269, 276], "excluded_lines": []}, "register_exception_handlers": {"executed_lines": [], "summary": {"covered_lines": 0, "num_statements": 6, "percent_covered": 0.0, "percent_covered_display": "0", "missing_lines": 6, "excluded_lines": 0, "percent_statements_covered": 0.0, "percent_statements_covered_display": "0"}, "missing_lines": [301, 304, 305, 308, 311, 313], "excluded_lines": []}, "": {"executed_lines": [1, 7, 8, 9, 10, 12, 13, 14, 15, 16, 18, 19, 20, 22, 25, 35, 60, 116, 179, 290], "summary": {"covered_lines": 19, "num_statements": 19, "percent_covered": 100.0, "percent_covered_display": "100", "missing_lines": 0, "excluded_lines": 0, "percent_statements_covered": 100.0, "percent_statements_covered_display": "100"}, "missing_lines": [], "excluded_lines": []}}, "classes": {"": {"executed_lines": [1, 7, 8, 9, 10, 12, 13, 14, 15, 16, 18, 19, 20, 22, 25, 35, 60, 116, 179, 290], "summary": {"covered_lines": 19, "num_statements": 79, "percent_covered": 24.050632911392405, "percent_covered_display": "24", "missing_lines": 60, "excluded_lines": 0, "percent_statements_covered": 24.050632911392405, "percent_statements_covered_display": "24"}, "missing_lines": [32, 49, 52, 57, 76, 79, 80, 81, 90, 101, 130, 133, 148, 151, 152, 164, 194, 197, 200, 204, 212, 217, 220, 221, 222, 223, 224, 225, 227, 228, 229, 230, 232, 236, 237, 238, 239, 243, 245, 246, 247, 248, 250, 251, 252, 253, 254, 255, 256, 264, 265, 268, 269, 276, 301, 304, 305, 308, 311, 313], "excluded_lines": []}}}, "app/exceptions.py": {"executed_lines": [1, 7, 8, 11, 12, 25, 43, 69, 70, 76, 91, 92, 100, 126, 127, 133, 148, 149, 155, 176, 177, 183, 199, 200, 206, 227, 228, 234, 244, 245, 251, 263, 264, 270, 280, 281, 287, 313, 314, 320, 340, 341, 347, 369, 370, 376, 396, 397, 403, 428, 429, 435, 451, 452, 458, 479, 480, 486], "summary": {"covered_lines": 39, "num_statements": 74, "percent_covered": 52.7027027027027, "percent_covered_display": "53", "missing_lines": 35, "excluded_lines": 0, "percent_statements_covered": 52.7027027027027, "percent_statements_covered_display": "53"}, "missing_lines": [37, 38, 39, 40, 41, 53, 83, 109, 140, 163, 191, 214, 241, 258, 277, 296, 297, 298, 300, 327, 356, 384, 385, 386, 388, 411, 412, 413, 415, 443, 466, 496, 497, 498, 500], "excluded_lines": [], "functions": {"APIError.__init__": {"executed_lines": [], "summary": {"covered_lines": 0, "num_statements": 5, "percent_covered": 0.0, "percent_covered_display": "0", "missing_lines": 5, "excluded_lines": 0, "percent_statements_covered": 0.0, "percent_statements_covered_display": "0"}, "missing_lines": [37, 38, 39, 40, 41], "excluded_lines": []}, "APIError.to_dict": {"executed_lines": [], "summary": {"covered_lines": 0, "num_statements": 1, "percent_covered": 0.0, "percent_covered_display": "0", "missing_lines": 1, "excluded_lines": 0, "percent_statements_covered": 0.0, "percent_statements_covered_display": "0"}, "missing_lines": [53], "excluded_lines": []}, "SessionNotFoundError.__init__": {"executed_lines": [], "summary": {"covered_lines": 0, "num_statements": 1, "percent_covered": 0.0, "percent_covered_display": "0", "missing_lines": 1, "excluded_lines": 0, "percent_statements_covered": 0.0, "percent_statements_covered_display": "0"}, "missing_lines": [83], "excluded_lines": []}, "SessionStateConflictError.__init__": {"executed_lines": [], "summary": {"covered_lines": 0, "num_statements": 1, "percent_covered": 0.0, "percent_covered_display": "0", "missing_lines": 1, "excluded_lines": 0, "percent_statements_covered": 0.0, "percent_statements_covered_display": "0"}, "missing_lines": [109], "excluded_lines": []}, "TaskNotFoundError.__init__": {"executed_lines": [], "summary": {"covered_lines": 0, "num_statements": 1, "percent_covered": 0.0, "percent_covered_display": "0", "missing_lines": 1, "excluded_lines": 0, "percent_statements_covered": 0.0, "percent_statements_covered_display": "0"}, "missing_lines": [140], "excluded_lines": []}, "InvalidTaskTypeError.__init__": {"executed_lines": [], "summary": {"covered_lines": 0, "num_statements": 1, "percent_covered": 0.0, "percent_covered_display": "0", "missing_lines": 1, "excluded_lines": 0, "percent_statements_covered": 0.0, "percent_statements_covered_display": "0"}, "missing_lines": [163], "excluded_lines": []}, "ValidationError.__init__": {"executed_lines": [], "summary": {"covered_lines": 0, "num_statements": 1, "percent_covered": 0.0, "percent_covered_display": "0", "missing_lines": 1, "excluded_lines": 0, "percent_statements_covered": 0.0, "percent_statements_covered_display": "0"}, "missing_lines": [191], "excluded_lines": []}, "InvalidConfigurationError.__init__": {"executed_lines": [], "summary": {"covered_lines": 0, "num_statements": 1, "percent_covered": 0.0, "percent_covered_display": "0", "missing_lines": 1, "excluded_lines": 0, "percent_statements_covered": 0.0, "percent_statements_covered_display": "0"}, "missing_lines": [214], "excluded_lines": []}, "AuthenticationError.__init__": {"executed_lines": [], "summary": {"covered_lines": 0, "num_statements": 1, "percent_covered": 0.0, "percent_covered_display": "0", "missing_lines": 1, "excluded_lines": 0, "percent_statements_covered": 0.0, "percent_statements_covered_display": "0"}, "missing_lines": [241], "excluded_lines": []}, "InvalidTokenError.__init__": {"executed_lines": [], "summary": {"covered_lines": 0, "num_statements": 1, "percent_covered": 0.0, "percent_covered_display": "0", "missing_lines": 1, "excluded_lines": 0, "percent_statements_covered": 0.0, "percent_statements_covered_display": "0"}, "missing_lines": [258], "excluded_lines": []}, "ExpiredTokenError.__init__": {"executed_lines": [], "summary": {"covered_lines": 0, "num_statements": 1, "percent_covered": 0.0, "percent_covered_display": "0", "missing_lines": 1, "excluded_lines": 0, "percent_statements_covered": 0.0, "percent_statements_covered_display": "0"}, "missing_lines": [277], "excluded_lines": []}, "AuthorizationError.__init__": {"executed_lines": [], "summary": {"covered_lines": 0, "num_statements": 4, "percent_covered": 0.0, "percent_covered_display": "0", "missing_lines": 4, "excluded_lines": 0, "percent_statements_covered": 0.0, "percent_statements_covered_display": "0"}, "missing_lines": [296, 297, 298, 300], "excluded_lines": []}, "UserNotFoundError.__init__": {"executed_lines": [], "summary": {"covered_lines": 0, "num_statements": 1, "percent_covered": 0.0, "percent_covered_display": "0", "missing_lines": 1, "excluded_lines": 0, "percent_statements_covered": 0.0, "percent_statements_covered_display": "0"}, "missing_lines": [327], "excluded_lines": []}, "RateLimitExceededError.__init__": {"executed_lines": [], "summary": {"covered_lines": 0, "num_statements": 1, "percent_covered": 0.0, "percent_covered_display": "0", "missing_lines": 1, "excluded_lines": 0, "percent_statements_covered": 0.0, "percent_statements_covered_display": "0"}, "missing_lines": [356], "excluded_lines": []}, "ServiceUnavailableError.__init__": {"executed_lines": [], "summary": {"covered_lines": 0, "num_statements": 4, "percent_covered": 0.0, "percent_covered_display": "0", "missing_lines": 4, "excluded_lines": 0, "percent_statements_covered": 0.0, "percent_statements_covered_display": "0"}, "missing_lines": [384, 385, 386, 388], "excluded_lines": []}, "DatabaseError.__init__": {"executed_lines": [], "summary": {"covered_lines": 0, "num_statements": 4, "percent_covered": 0.0, "percent_covered_display": "0", "missing_lines": 4, "excluded_lines": 0, "percent_statements_covered": 0.0, "percent_statements_covered_display": "0"}, "missing_lines": [411, 412, 413, 415], "excluded_lines": []}, "ExportFormatError.__init__": {"executed_lines": [], "summary": {"covered_lines": 0, "num_statements": 1, "percent_covered": 0.0, "percent_covered_display": "0", "missing_lines": 1, "excluded_lines": 0, "percent_statements_covered": 0.0, "percent_statements_covered_display": "0"}, "missing_lines": [443], "excluded_lines": []}, "NoDataAvailableError.__init__": {"executed_lines": [], "summary": {"covered_lines": 0, "num_statements": 1, "percent_covered": 0.0, "percent_covered_display": "0", "missing_lines": 1, "excluded_lines": 0, "percent_statements_covered": 0.0, "percent_statements_covered_display": "0"}, "missing_lines": [466], "excluded_lines": []}, "InternalServerError.__init__": {"executed_lines": [], "summary": {"covered_lines": 0, "num_statements": 4, "percent_covered": 0.0, "percent_covered_display": "0", "missing_lines": 4, "excluded_lines": 0, "percent_statements_covered": 0.0, "percent_statements_covered_display": "0"}, "missing_lines": [496, 497, 498, 500], "excluded_lines": []}, "": {"executed_lines": [1, 7, 8, 11, 12, 25, 43, 69, 70, 76, 91, 92, 100, 126, 127, 133, 148, 149, 155, 176, 177, 183, 199, 200, 206, 227, 228, 234, 244, 245, 251, 263, 264, 270, 280, 281, 287, 313, 314, 320, 340, 341, 347, 369, 370, 376, 396, 397, 403, 428, 429, 435, 451, 452, 458, 479, 480, 486], "summary": {"covered_lines": 39, "num_statements": 39, "percent_covered": 100.0, "percent_covered_display": "100", "missing_lines": 0, "excluded_lines": 0, "percent_statements_covered": 100.0, "percent_statements_covered_display": "100"}, "missing_lines": [], "excluded_lines": []}}, "classes": {"APIError": {"executed_lines": [], "summary": {"covered_lines": 0, "num_statements": 6, "percent_covered": 0.0, "percent_covered_display": "0", "missing_lines": 6, "excluded_lines": 0, "percent_statements_covered": 0.0, "percent_statements_covered_display": "0"}, "missing_lines": [37, 38, 39, 40, 41, 53], "excluded_lines": []}, "SessionNotFoundError": {"executed_lines": [], "summary": {"covered_lines": 0, "num_statements": 1, "percent_covered": 0.0, "percent_covered_display": "0", "missing_lines": 1, "excluded_lines": 0, "percent_statements_covered": 0.0, "percent_statements_covered_display": "0"}, "missing_lines": [83], "excluded_lines": []}, "SessionStateConflictError": {"executed_lines": [], "summary": {"covered_lines": 0, "num_statements": 1, "percent_covered": 0.0, "percent_covered_display": "0", "missing_lines": 1, "excluded_lines": 0, "percent_statements_covered": 0.0, "percent_statements_covered_display": "0"}, "missing_lines": [109], "excluded_lines": []}, "TaskNotFoundError": {"executed_lines": [], "summary": {"covered_lines": 0, "num_statements": 1, "percent_covered": 0.0, "percent_covered_display": "0", "missing_lines": 1, "excluded_lines": 0, "percent_statements_covered": 0.0, "percent_statements_covered_display": "0"}, "missing_lines": [140], "excluded_lines": []}, "InvalidTaskTypeError": {"executed_lines": [], "summary": {"covered_lines": 0, "num_statements": 1, "percent_covered": 0.0, "percent_covered_display": "0", "missing_lines": 1, "excluded_lines": 0, "percent_statements_covered": 0.0, "percent_statements_covered_display": "0"}, "missing_lines": [163], "excluded_lines": []}, "ValidationError": {"executed_lines": [], "summary": {"covered_lines": 0, "num_statements": 1, "percent_covered": 0.0, "percent_covered_display": "0", "missing_lines": 1, "excluded_lines": 0, "percent_statements_covered": 0.0, "percent_statements_covered_display": "0"}, "missing_lines": [191], "excluded_lines": []}, "InvalidConfigurationError": {"executed_lines": [], "summary": {"covered_lines": 0, "num_statements": 1, "percent_covered": 0.0, "percent_covered_display": "0", "missing_lines": 1, "excluded_lines": 0, "percent_statements_covered": 0.0, "percent_statements_covered_display": "0"}, "missing_lines": [214], "excluded_lines": []}, "AuthenticationError": {"executed_lines": [], "summary": {"covered_lines": 0, "num_statements": 1, "percent_covered": 0.0, "percent_covered_display": "0", "missing_lines": 1, "excluded_lines": 0, "percent_statements_covered": 0.0, "percent_statements_covered_display": "0"}, "missing_lines": [241], "excluded_lines": []}, "InvalidTokenError": {"executed_lines": [], "summary": {"covered_lines": 0, "num_statements": 1, "percent_covered": 0.0, "percent_covered_display": "0", "missing_lines": 1, "excluded_lines": 0, "percent_statements_covered": 0.0, "percent_statements_covered_display": "0"}, "missing_lines": [258], "excluded_lines": []}, "ExpiredTokenError": {"executed_lines": [], "summary": {"covered_lines": 0, "num_statements": 1, "percent_covered": 0.0, "percent_covered_display": "0", "missing_lines": 1, "excluded_lines": 0, "percent_statements_covered": 0.0, "percent_statements_covered_display": "0"}, "missing_lines": [277], "excluded_lines": []}, "AuthorizationError": {"executed_lines": [], "summary": {"covered_lines": 0, "num_statements": 4, "percent_covered": 0.0, "percent_covered_display": "0", "missing_lines": 4, "excluded_lines": 0, "percent_statements_covered": 0.0, "percent_statements_covered_display": "0"}, "missing_lines": [296, 297, 298, 300], "excluded_lines": []}, "UserNotFoundError": {"executed_lines": [], "summary": {"covered_lines": 0, "num_statements": 1, "percent_covered": 0.0, "percent_covered_display": "0", "missing_lines": 1, "excluded_lines": 0, "percent_statements_covered": 0.0, "percent_statements_covered_display": "0"}, "missing_lines": [327], "excluded_lines": []}, "RateLimitExceededError": {"executed_lines": [], "summary": {"covered_lines": 0, "num_statements": 1, "percent_covered": 0.0, "percent_covered_display": "0", "missing_lines": 1, "excluded_lines": 0, "percent_statements_covered": 0.0, "percent_statements_covered_display": "0"}, "missing_lines": [356], "excluded_lines": []}, "ServiceUnavailableError": {"executed_lines": [], "summary": {"covered_lines": 0, "num_statements": 4, "percent_covered": 0.0, "percent_covered_display": "0", "missing_lines": 4, "excluded_lines": 0, "percent_statements_covered": 0.0, "percent_statements_covered_display": "0"}, "missing_lines": [384, 385, 386, 388], "excluded_lines": []}, "DatabaseError": {"executed_lines": [], "summary": {"covered_lines": 0, "num_statements": 4, "percent_covered": 0.0, "percent_covered_display": "0", "missing_lines": 4, "excluded_lines": 0, "percent_statements_covered": 0.0, "percent_statements_covered_display": "0"}, "missing_lines": [411, 412, 413, 415], "excluded_lines": []}, "ExportFormatError": {"executed_lines": [], "summary": {"covered_lines": 0, "num_statements": 1, "percent_covered": 0.0, "percent_covered_display": "0", "missing_lines": 1, "excluded_lines": 0, "percent_statements_covered": 0.0, "percent_statements_covered_display": "0"}, "missing_lines": [443], "excluded_lines": []}, "NoDataAvailableError": {"executed_lines": [], "summary": {"covered_lines": 0, "num_statements": 1, "percent_covered": 0.0, "percent_covered_display": "0", "missing_lines": 1, "excluded_lines": 0, "percent_statements_covered": 0.0, "percent_statements_covered_display": "0"}, "missing_lines": [466], "excluded_lines": []}, "InternalServerError": {"executed_lines": [], "summary": {"covered_lines": 0, "num_statements": 4, "percent_covered": 0.0, "percent_covered_display": "0", "missing_lines": 4, "excluded_lines": 0, "percent_statements_covered": 0.0, "percent_statements_covered_display": "0"}, "missing_lines": [496, 497, 498, 500], "excluded_lines": []}, "": {"executed_lines": [1, 7, 8, 11, 12, 25, 43, 69, 70, 76, 91, 92, 100, 126, 127, 133, 148, 149, 155, 176, 177, 183, 199, 200, 206, 227, 228, 234, 244, 245, 251, 263, 264, 270, 280, 281, 287, 313, 314, 320, 340, 341, 347, 369, 370, 376, 396, 397, 403, 428, 429, 435, 451, 452, 458, 479, 480, 486], "summary": {"covered_lines": 39, "num_statements": 39, "percent_covered": 100.0, "percent_covered_display": "100", "missing_lines": 0, "excluded_lines": 0, "percent_statements_covered": 100.0, "percent_statements_covered_display": "100"}, "missing_lines": [], "excluded_lines": []}}}, "app/main.py": {"executed_lines": [], "summary": {"covered_lines": 0, "num_statements": 148, "percent_covered": 0.0, "percent_covered_display": "0", "missing_lines": 148, "excluded_lines": 5, "percent_statements_covered": 0.0, "percent_statements_covered_display": "0"}, "missing_lines": [7, 8, 9, 10, 12, 13, 14, 17, 18, 20, 21, 22, 23, 24, 25, 26, 28, 29, 30, 31, 32, 33, 34, 35, 36, 37, 38, 39, 40, 41, 42, 47, 48, 66, 67, 69, 70, 71, 72, 87, 88, 90, 93, 94, 98, 101, 103, 104, 105, 106, 107, 108, 109, 112, 113, 118, 121, 128, 131, 132, 133, 135, 140, 141, 142, 143, 144, 145, 148, 149, 150, 151, 152, 155, 156, 159, 160, 164, 165, 167, 168, 169, 172, 173, 176, 177, 180, 181, 182, 185, 186, 188, 191, 194, 195, 196, 199, 200, 203, 213, 251, 258, 261, 264, 265, 273, 276, 279, 280, 287, 288, 301, 302, 305, 308, 313, 316, 319, 322, 323, 325, 334, 335, 336, 337, 338, 339, 340, 341, 342, 343, 344, 345, 346, 347, 350, 352, 355, 357, 359, 360, 361, 362, 364, 368, 380, 382, 384], "excluded_lines": [371, 372, 374, 375, 377], "functions": {"is_port_available": {"executed_lines": [], "summary": {"covered_lines": 0, "num_statements": 7, "percent_covered": 0.0, "percent_covered_display": "0", "missing_lines": 7, "excluded_lines": 0, "percent_statements_covered": 0.0, "percent_statements_covered_display": "0"}, "missing_lines": [103, 104, 105, 106, 107, 108, 109], "excluded_lines": []}, "lifespan": {"executed_lines": [], "summary": {"covered_lines": 0, "num_statements": 43, "percent_covered": 0.0, "percent_covered_display": "0", "missing_lines": 43, "excluded_lines": 0, "percent_statements_covered": 0.0, "percent_statements_covered_display": "0"}, "missing_lines": [118, 121, 128, 131, 132, 133, 135, 140, 141, 142, 143, 144, 145, 148, 149, 150, 151, 152, 155, 156, 159, 160, 164, 165, 167, 168, 169, 172, 173, 176, 177, 180, 181, 182, 185, 186, 188, 191, 194, 195, 196, 199, 200], "excluded_lines": []}, "create_app": {"executed_lines": [], "summary": {"covered_lines": 0, "num_statements": 43, "percent_covered": 0.0, "percent_covered_display": "0", "missing_lines": 43, "excluded_lines": 0, "percent_statements_covered": 0.0, "percent_statements_covered_display": "0"}, "missing_lines": [213, 251, 258, 261, 264, 265, 273, 276, 279, 280, 287, 288, 301, 302, 305, 308, 313, 316, 319, 322, 323, 334, 335, 336, 337, 338, 339, 340, 341, 342, 343, 344, 345, 346, 347, 350, 352, 355, 359, 360, 361, 362, 364], "excluded_lines": []}, "create_app.root": {"executed_lines": [], "summary": {"covered_lines": 0, "num_statements": 1, "percent_covered": 0.0, "percent_covered_display": "0", "missing_lines": 1, "excluded_lines": 0, "percent_statements_covered": 0.0, "percent_statements_covered_display": "0"}, "missing_lines": [325], "excluded_lines": []}, "create_app.instrument_application": {"executed_lines": [], "summary": {"covered_lines": 0, "num_statements": 1, "percent_covered": 0.0, "percent_covered_display": "0", "missing_lines": 1, "excluded_lines": 0, "percent_statements_covered": 0.0, "percent_statements_covered_display": "0"}, "missing_lines": [357], "excluded_lines": []}, "cli": {"executed_lines": [], "summary": {"covered_lines": 0, "num_statements": 2, "percent_covered": 0.0, "percent_covered_display": "0", "missing_lines": 2, "excluded_lines": 0, "percent_statements_covered": 0.0, "percent_statements_covered_display": "0"}, "missing_lines": [382, 384], "excluded_lines": []}, "": {"executed_lines": [], "summary": {"covered_lines": 0, "num_statements": 51, "percent_covered": 0.0, "percent_covered_display": "0", "missing_lines": 51, "excluded_lines": 5, "percent_statements_covered": 0.0, "percent_statements_covered_display": "0"}, "missing_lines": [7, 8, 9, 10, 12, 13, 14, 17, 18, 20, 21, 22, 23, 24, 25, 26, 28, 29, 30, 31, 32, 33, 34, 35, 36, 37, 38, 39, 40, 41, 42, 47, 48, 66, 67, 69, 70, 71, 72, 87, 88, 90, 93, 94, 98, 101, 112, 113, 203, 368, 380], "excluded_lines": [371, 372, 374, 375, 377]}}, "classes": {"": {"executed_lines": [], "summary": {"covered_lines": 0, "num_statements": 148, "percent_covered": 0.0, "percent_covered_display": "0", "missing_lines": 148, "excluded_lines": 5, "percent_statements_covered": 0.0, "percent_statements_covered_display": "0"}, "missing_lines": [7, 8, 9, 10, 12, 13, 14, 17, 18, 20, 21, 22, 23, 24, 25, 26, 28, 29, 30, 31, 32, 33, 34, 35, 36, 37, 38, 39, 40, 41, 42, 47, 48, 66, 67, 69, 70, 71, 72, 87, 88, 90, 93, 94, 98, 101, 103, 104, 105, 106, 107, 108, 109, 112, 113, 118, 121, 128, 131, 132, 133, 135, 140, 141, 142, 143, 144, 145, 148, 149, 150, 151, 152, 155, 156, 159, 160, 164, 165, 167, 168, 169, 172, 173, 176, 177, 180, 181, 182, 185, 186, 188, 191, 194, 195, 196, 199, 200, 203, 213, 251, 258, 261, 264, 265, 273, 276, 279, 280, 287, 288, 301, 302, 305, 308, 313, 316, 319, 322, 323, 325, 334, 335, 336, 337, 338, 339, 340, 341, 342, 343, 344, 345, 346, 347, 350, 352, 355, 357, 359, 360, 361, 362, 364, 368, 380, 382, 384], "excluded_lines": [371, 372, 374, 375, 377]}}}, "app/middleware/__init__.py": {"executed_lines": [1, 7, 19, 24, 25, 26, 27, 34, 40, 41, 42, 44], "summary": {"covered_lines": 11, "num_statements": 11, "percent_covered": 100.0, "percent_covered_display": "100", "missing_lines": 0, "excluded_lines": 0, "percent_statements_covered": 100.0, "percent_statements_covered_display": "100"}, "missing_lines": [], "excluded_lines": [], "functions": {"": {"executed_lines": [1, 7, 19, 24, 25, 26, 27, 34, 40, 41, 42, 44], "summary": {"covered_lines": 11, "num_statements": 11, "percent_covered": 100.0, "percent_covered_display": "100", "missing_lines": 0, "excluded_lines": 0, "percent_statements_covered": 100.0, "percent_statements_covered_display": "100"}, "missing_lines": [], "excluded_lines": []}}, "classes": {"": {"executed_lines": [1, 7, 19, 24, 25, 26, 27, 34, 40, 41, 42, 44], "summary": {"covered_lines": 11, "num_statements": 11, "percent_covered": 100.0, "percent_covered_display": "100", "missing_lines": 0, "excluded_lines": 0, "percent_statements_covered": 100.0, "percent_statements_covered_display": "100"}, "missing_lines": [], "excluded_lines": []}}}, "app/middleware/alerting.py": {"executed_lines": [1, 7, 8, 9, 10, 11, 12, 14, 16, 18, 21, 22, 24, 25, 26, 27, 30, 31, 32, 39, 40, 42, 53, 54, 58, 59, 72, 73, 77, 88, 131, 132, 136, 151, 220, 231, 232, 236, 263, 327, 328, 332, 356, 416, 427, 428, 432, 443, 515, 525, 537, 538, 542, 568, 569, 570, 577, 579, 583, 588, 589, 593, 608, 639, 640, 644, 669, 707, 708, 715, 717, 718, 719, 720, 721, 722, 725, 726, 727, 729, 743, 757, 766, 804, 839, 880, 900, 927, 930], "summary": {"covered_lines": 73, "num_statements": 293, "percent_covered": 24.914675767918087, "percent_covered_display": "25", "missing_lines": 220, "excluded_lines": 12, "percent_statements_covered": 24.914675767918087, "percent_statements_covered_display": "25"}, "missing_lines": [44, 85, 86, 98, 99, 100, 104, 105, 111, 113, 119, 121, 122, 128, 147, 148, 149, 161, 163, 181, 182, 185, 186, 190, 191, 192, 194, 195, 197, 198, 203, 205, 210, 212, 213, 218, 222, 228, 256, 257, 258, 259, 260, 261, 273, 274, 275, 276, 278, 279, 280, 283, 284, 285, 286, 289, 300, 303, 304, 305, 306, 307, 308, 310, 316, 318, 319, 324, 350, 351, 352, 353, 354, 366, 368, 386, 387, 391, 392, 398, 400, 406, 408, 409, 414, 418, 424, 440, 441, 453, 455, 478, 479, 484, 485, 486, 488, 489, 491, 492, 497, 499, 505, 507, 508, 513, 517, 523, 528, 534, 552, 553, 561, 562, 564, 565, 581, 585, 605, 606, 618, 620, 621, 622, 623, 624, 625, 626, 627, 629, 634, 636, 662, 663, 664, 665, 666, 667, 677, 678, 679, 680, 683, 684, 685, 686, 689, 690, 692, 693, 695, 701, 702, 704, 736, 737, 750, 751, 761, 762, 763, 764, 770, 772, 773, 776, 777, 778, 779, 781, 793, 794, 796, 815, 816, 819, 820, 823, 826, 827, 832, 834, 835, 852, 853, 855, 856, 858, 861, 864, 878, 896, 898, 907, 908, 909, 912, 913, 916, 917, 956, 957, 958, 961, 962, 963, 966, 967, 968, 971, 972, 973, 976, 977, 978, 981, 982, 985, 986, 988], "excluded_lines": [58, 59, 60, 61, 62, 63, 64, 65, 66, 67, 68, 69], "functions": {"Alert.to_dict": {"executed_lines": [], "summary": {"covered_lines": 0, "num_statements": 1, "percent_covered": 0.0, "percent_covered_display": "0", "missing_lines": 1, "excluded_lines": 0, "percent_statements_covered": 0.0, "percent_statements_covered_display": "0"}, "missing_lines": [44], "excluded_lines": []}, "NotificationChannel.send_alert": {"executed_lines": [], "summary": {"covered_lines": 0, "num_statements": 0, "percent_covered": 100.0, "percent_covered_display": "100", "missing_lines": 0, "excluded_lines": 10, "percent_statements_covered": 100.0, "percent_statements_covered_display": "100"}, "missing_lines": [], "excluded_lines": [60, 61, 62, 63, 64, 65, 66, 67, 68, 69]}, "WebhookNotificationChannel.__init__": {"executed_lines": [], "summary": {"covered_lines": 0, "num_statements": 2, "percent_covered": 0.0, "percent_covered_display": "0", "missing_lines": 2, "excluded_lines": 0, "percent_statements_covered": 0.0, "percent_statements_covered_display": "0"}, "missing_lines": [85, 86], "excluded_lines": []}, "WebhookNotificationChannel.send_alert": {"executed_lines": [], "summary": {"covered_lines": 0, "num_statements": 11, "percent_covered": 0.0, "percent_covered_display": "0", "missing_lines": 11, "excluded_lines": 0, "percent_statements_covered": 0.0, "percent_statements_covered_display": "0"}, "missing_lines": [98, 99, 100, 104, 105, 111, 113, 119, 121, 122, 128], "excluded_lines": []}, "SlackNotificationChannel.__init__": {"executed_lines": [], "summary": {"covered_lines": 0, "num_statements": 3, "percent_covered": 0.0, "percent_covered_display": "0", "missing_lines": 3, "excluded_lines": 0, "percent_statements_covered": 0.0, "percent_statements_covered_display": "0"}, "missing_lines": [147, 148, 149], "excluded_lines": []}, "SlackNotificationChannel.send_alert": {"executed_lines": [], "summary": {"covered_lines": 0, "num_statements": 19, "percent_covered": 0.0, "percent_covered_display": "0", "missing_lines": 19, "excluded_lines": 0, "percent_statements_covered": 0.0, "percent_statements_covered_display": "0"}, "missing_lines": [161, 163, 181, 182, 185, 186, 190, 191, 192, 194, 195, 197, 198, 203, 205, 210, 212, 213, 218], "excluded_lines": []}, "SlackNotificationChannel._severity_to_color": {"executed_lines": [], "summary": {"covered_lines": 0, "num_statements": 2, "percent_covered": 0.0, "percent_covered_display": "0", "missing_lines": 2, "excluded_lines": 0, "percent_statements_covered": 0.0, "percent_statements_covered_display": "0"}, "missing_lines": [222, 228], "excluded_lines": []}, "EmailNotificationChannel.__init__": {"executed_lines": [], "summary": {"covered_lines": 0, "num_statements": 6, "percent_covered": 0.0, "percent_covered_display": "0", "missing_lines": 6, "excluded_lines": 0, "percent_statements_covered": 0.0, "percent_statements_covered_display": "0"}, "missing_lines": [256, 257, 258, 259, 260, 261], "excluded_lines": []}, "EmailNotificationChannel.send_alert": {"executed_lines": [], "summary": {"covered_lines": 0, "num_statements": 24, "percent_covered": 0.0, "percent_covered_display": "0", "missing_lines": 24, "excluded_lines": 0, "percent_statements_covered": 0.0, "percent_statements_covered_display": "0"}, "missing_lines": [273, 274, 275, 276, 278, 279, 280, 283, 284, 285, 286, 289, 300, 303, 304, 305, 306, 307, 308, 310, 316, 318, 319, 324], "excluded_lines": []}, "PagerDutyNotificationChannel.__init__": {"executed_lines": [], "summary": {"covered_lines": 0, "num_statements": 5, "percent_covered": 0.0, "percent_covered_display": "0", "missing_lines": 5, "excluded_lines": 0, "percent_statements_covered": 0.0, "percent_statements_covered_display": "0"}, "missing_lines": [350, 351, 352, 353, 354], "excluded_lines": []}, "PagerDutyNotificationChannel.send_alert": {"executed_lines": [], "summary": {"covered_lines": 0, "num_statements": 12, "percent_covered": 0.0, "percent_covered_display": "0", "missing_lines": 12, "excluded_lines": 0, "percent_statements_covered": 0.0, "percent_statements_covered_display": "0"}, "missing_lines": [366, 368, 386, 387, 391, 392, 398, 400, 406, 408, 409, 414], "excluded_lines": []}, "PagerDutyNotificationChannel._severity_to_pagerduty_severity": {"executed_lines": [], "summary": {"covered_lines": 0, "num_statements": 2, "percent_covered": 0.0, "percent_covered_display": "0", "missing_lines": 2, "excluded_lines": 0, "percent_statements_covered": 0.0, "percent_statements_covered_display": "0"}, "missing_lines": [418, 424], "excluded_lines": []}, "TeamsNotificationChannel.__init__": {"executed_lines": [], "summary": {"covered_lines": 0, "num_statements": 2, "percent_covered": 0.0, "percent_covered_display": "0", "missing_lines": 2, "excluded_lines": 0, "percent_statements_covered": 0.0, "percent_statements_covered_display": "0"}, "missing_lines": [440, 441], "excluded_lines": []}, "TeamsNotificationChannel.send_alert": {"executed_lines": [], "summary": {"covered_lines": 0, "num_statements": 17, "percent_covered": 0.0, "percent_covered_display": "0", "missing_lines": 17, "excluded_lines": 0, "percent_statements_covered": 0.0, "percent_statements_covered_display": "0"}, "missing_lines": [453, 455, 478, 479, 484, 485, 486, 488, 489, 491, 492, 497, 499, 505, 507, 508, 513], "excluded_lines": []}, "TeamsNotificationChannel._severity_to_teams_color": {"executed_lines": [], "summary": {"covered_lines": 0, "num_statements": 2, "percent_covered": 0.0, "percent_covered_display": "0", "missing_lines": 2, "excluded_lines": 0, "percent_statements_covered": 0.0, "percent_statements_covered_display": "0"}, "missing_lines": [517, 523], "excluded_lines": []}, "TeamsNotificationChannel._get_severity_icon_url": {"executed_lines": [], "summary": {"covered_lines": 0, "num_statements": 2, "percent_covered": 0.0, "percent_covered_display": "0", "missing_lines": 2, "excluded_lines": 0, "percent_statements_covered": 0.0, "percent_statements_covered_display": "0"}, "missing_lines": [528, 534], "excluded_lines": []}, "LogNotificationChannel.send_alert": {"executed_lines": [], "summary": {"covered_lines": 0, "num_statements": 6, "percent_covered": 0.0, "percent_covered_display": "0", "missing_lines": 6, "excluded_lines": 0, "percent_statements_covered": 0.0, "percent_statements_covered_display": "0"}, "missing_lines": [552, 553, 561, 562, 564, 565], "excluded_lines": []}, "AlertTemplate.format_title": {"executed_lines": [], "summary": {"covered_lines": 0, "num_statements": 1, "percent_covered": 0.0, "percent_covered_display": "0", "missing_lines": 1, "excluded_lines": 0, "percent_statements_covered": 0.0, "percent_statements_covered_display": "0"}, "missing_lines": [581], "excluded_lines": []}, "AlertTemplate.format_message": {"executed_lines": [], "summary": {"covered_lines": 0, "num_statements": 1, "percent_covered": 0.0, "percent_covered_display": "0", "missing_lines": 1, "excluded_lines": 0, "percent_statements_covered": 0.0, "percent_statements_covered_display": "0"}, "missing_lines": [585], "excluded_lines": []}, "AlertEscalationPolicy.__init__": {"executed_lines": [], "summary": {"covered_lines": 0, "num_statements": 2, "percent_covered": 0.0, "percent_covered_display": "0", "missing_lines": 2, "excluded_lines": 0, "percent_statements_covered": 0.0, "percent_statements_covered_display": "0"}, "missing_lines": [605, 606], "excluded_lines": []}, "AlertEscalationPolicy.get_severity_at_time": {"executed_lines": [], "summary": {"covered_lines": 0, "num_statements": 12, "percent_covered": 0.0, "percent_covered_display": "0", "missing_lines": 12, "excluded_lines": 0, "percent_statements_covered": 0.0, "percent_statements_covered_display": "0"}, "missing_lines": [618, 620, 621, 622, 623, 624, 625, 626, 627, 629, 634, 636], "excluded_lines": []}, "AlertRule.__init__": {"executed_lines": [], "summary": {"covered_lines": 0, "num_statements": 6, "percent_covered": 0.0, "percent_covered_display": "0", "missing_lines": 6, "excluded_lines": 0, "percent_statements_covered": 0.0, "percent_statements_covered_display": "0"}, "missing_lines": [662, 663, 664, 665, 666, 667], "excluded_lines": []}, "AlertRule.should_trigger": {"executed_lines": [], "summary": {"covered_lines": 0, "num_statements": 16, "percent_covered": 0.0, "percent_covered_display": "0", "missing_lines": 16, "excluded_lines": 0, "percent_statements_covered": 0.0, "percent_statements_covered_display": "0"}, "missing_lines": [677, 678, 679, 680, 683, 684, 685, 686, 689, 690, 692, 693, 695, 701, 702, 704], "excluded_lines": []}, "AlertManager.__init__": {"executed_lines": [717, 718, 719, 720, 721, 722, 725, 726, 727], "summary": {"covered_lines": 9, "num_statements": 9, "percent_covered": 100.0, "percent_covered_display": "100", "missing_lines": 0, "excluded_lines": 0, "percent_statements_covered": 100.0, "percent_statements_covered_display": "100"}, "missing_lines": [], "excluded_lines": []}, "AlertManager.add_channel": {"executed_lines": [], "summary": {"covered_lines": 0, "num_statements": 2, "percent_covered": 0.0, "percent_covered_display": "0", "missing_lines": 2, "excluded_lines": 0, "percent_statements_covered": 0.0, "percent_statements_covered_display": "0"}, "missing_lines": [736, 737], "excluded_lines": []}, "AlertManager.add_rule": {"executed_lines": [], "summary": {"covered_lines": 0, "num_statements": 2, "percent_covered": 0.0, "percent_covered_display": "0", "missing_lines": 2, "excluded_lines": 0, "percent_statements_covered": 0.0, "percent_statements_covered_display": "0"}, "missing_lines": [750, 751], "excluded_lines": []}, "AlertManager.check_rules": {"executed_lines": [], "summary": {"covered_lines": 0, "num_statements": 4, "percent_covered": 0.0, "percent_covered_display": "0", "missing_lines": 4, "excluded_lines": 0, "percent_statements_covered": 0.0, "percent_statements_covered_display": "0"}, "missing_lines": [761, 762, 763, 764], "excluded_lines": []}, "AlertManager.escalate_alerts": {"executed_lines": [], "summary": {"covered_lines": 0, "num_statements": 11, "percent_covered": 0.0, "percent_covered_display": "0", "missing_lines": 11, "excluded_lines": 0, "percent_statements_covered": 0.0, "percent_statements_covered_display": "0"}, "missing_lines": [770, 772, 773, 776, 777, 778, 779, 781, 793, 794, 796], "excluded_lines": []}, "AlertManager.record_error": {"executed_lines": [], "summary": {"covered_lines": 0, "num_statements": 10, "percent_covered": 0.0, "percent_covered_display": "0", "missing_lines": 10, "excluded_lines": 0, "percent_statements_covered": 0.0, "percent_statements_covered_display": "0"}, "missing_lines": [815, 816, 819, 820, 823, 826, 827, 832, 834, 835], "excluded_lines": []}, "AlertManager._trigger_high_error_rate_alert": {"executed_lines": [], "summary": {"covered_lines": 0, "num_statements": 8, "percent_covered": 0.0, "percent_covered_display": "0", "missing_lines": 8, "excluded_lines": 0, "percent_statements_covered": 0.0, "percent_statements_covered_display": "0"}, "missing_lines": [852, 853, 855, 856, 858, 861, 864, 878], "excluded_lines": []}, "AlertManager.trigger_custom_alert": {"executed_lines": [], "summary": {"covered_lines": 0, "num_statements": 2, "percent_covered": 0.0, "percent_covered_display": "0", "missing_lines": 2, "excluded_lines": 0, "percent_statements_covered": 0.0, "percent_statements_covered_display": "0"}, "missing_lines": [896, 898], "excluded_lines": []}, "AlertManager._send_alert": {"executed_lines": [], "summary": {"covered_lines": 0, "num_statements": 7, "percent_covered": 0.0, "percent_covered_display": "0", "missing_lines": 7, "excluded_lines": 0, "percent_statements_covered": 0.0, "percent_statements_covered_display": "0"}, "missing_lines": [907, 908, 909, 912, 913, 916, 917], "excluded_lines": []}, "configure_alerting": {"executed_lines": [], "summary": {"covered_lines": 0, "num_statements": 20, "percent_covered": 0.0, "percent_covered_display": "0", "missing_lines": 20, "excluded_lines": 0, "percent_statements_covered": 0.0, "percent_statements_covered_display": "0"}, "missing_lines": [956, 957, 958, 961, 962, 963, 966, 967, 968, 971, 972, 973, 976, 977, 978, 981, 982, 985, 986, 988], "excluded_lines": []}, "": {"executed_lines": [1, 7, 8, 9, 10, 11, 12, 14, 16, 18, 21, 22, 24, 25, 26, 27, 30, 31, 32, 39, 40, 42, 53, 54, 58, 59, 72, 73, 77, 88, 131, 132, 136, 151, 220, 231, 232, 236, 263, 327, 328, 332, 356, 416, 427, 428, 432, 443, 515, 525, 537, 538, 542, 568, 569, 570, 577, 579, 583, 588, 589, 593, 608, 639, 640, 644, 669, 707, 708, 715, 729, 743, 757, 766, 804, 839, 880, 900, 927, 930], "summary": {"covered_lines": 64, "num_statements": 64, "percent_covered": 100.0, "percent_covered_display": "100", "missing_lines": 0, "excluded_lines": 2, "percent_statements_covered": 100.0, "percent_statements_covered_display": "100"}, "missing_lines": [], "excluded_lines": [58, 59]}}, "classes": {"AlertSeverity": {"executed_lines": [], "summary": {"covered_lines": 0, "num_statements": 0, "percent_covered": 100.0, "percent_covered_display": "100", "missing_lines": 0, "excluded_lines": 0, "percent_statements_covered": 100.0, "percent_statements_covered_display": "100"}, "missing_lines": [], "excluded_lines": []}, "Alert": {"executed_lines": [], "summary": {"covered_lines": 0, "num_statements": 1, "percent_covered": 0.0, "percent_covered_display": "0", "missing_lines": 1, "excluded_lines": 0, "percent_statements_covered": 0.0, "percent_statements_covered_display": "0"}, "missing_lines": [44], "excluded_lines": []}, "NotificationChannel": {"executed_lines": [], "summary": {"covered_lines": 0, "num_statements": 0, "percent_covered": 100.0, "percent_covered_display": "100", "missing_lines": 0, "excluded_lines": 10, "percent_statements_covered": 100.0, "percent_statements_covered_display": "100"}, "missing_lines": [], "excluded_lines": [60, 61, 62, 63, 64, 65, 66, 67, 68, 69]}, "WebhookNotificationChannel": {"executed_lines": [], "summary": {"covered_lines": 0, "num_statements": 13, "percent_covered": 0.0, "percent_covered_display": "0", "missing_lines": 13, "excluded_lines": 0, "percent_statements_covered": 0.0, "percent_statements_covered_display": "0"}, "missing_lines": [85, 86, 98, 99, 100, 104, 105, 111, 113, 119, 121, 122, 128], "excluded_lines": []}, "SlackNotificationChannel": {"executed_lines": [], "summary": {"covered_lines": 0, "num_statements": 24, "percent_covered": 0.0, "percent_covered_display": "0", "missing_lines": 24, "excluded_lines": 0, "percent_statements_covered": 0.0, "percent_statements_covered_display": "0"}, "missing_lines": [147, 148, 149, 161, 163, 181, 182, 185, 186, 190, 191, 192, 194, 195, 197, 198, 203, 205, 210, 212, 213, 218, 222, 228], "excluded_lines": []}, "EmailNotificationChannel": {"executed_lines": [], "summary": {"covered_lines": 0, "num_statements": 30, "percent_covered": 0.0, "percent_covered_display": "0", "missing_lines": 30, "excluded_lines": 0, "percent_statements_covered": 0.0, "percent_statements_covered_display": "0"}, "missing_lines": [256, 257, 258, 259, 260, 261, 273, 274, 275, 276, 278, 279, 280, 283, 284, 285, 286, 289, 300, 303, 304, 305, 306, 307, 308, 310, 316, 318, 319, 324], "excluded_lines": []}, "PagerDutyNotificationChannel": {"executed_lines": [], "summary": {"covered_lines": 0, "num_statements": 19, "percent_covered": 0.0, "percent_covered_display": "0", "missing_lines": 19, "excluded_lines": 0, "percent_statements_covered": 0.0, "percent_statements_covered_display": "0"}, "missing_lines": [350, 351, 352, 353, 354, 366, 368, 386, 387, 391, 392, 398, 400, 406, 408, 409,
[...]
"missing_lines": [26, 27, 47, 48, 51, 54, 55, 57, 58, 60, 70, 71, 72, 73, 76, 78, 79, 80, 81, 82, 83, 84, 85, 99, 113, 114, 115, 116, 131, 137, 138, 139, 166, 168, 169, 170, 171, 172, 173, 174, 175, 178, 180, 181, 182, 183, 184, 185, 186, 187, 188, 189, 190, 207, 208, 210, 213, 214, 217, 218, 220, 221, 223, 224, 227, 229, 230, 231, 232, 233, 243, 244, 245, 246, 248, 249, 250, 251, 253, 255, 256, 257, 258, 261, 276, 279, 280, 281, 282, 283, 284, 286, 288, 289, 292, 304, 305, 306, 307, 309, 310, 311, 312, 314, 316, 317, 318, 319, 322, 323, 340, 343, 344, 345, 346, 347, 348, 350, 352, 353, 355, 372, 374, 375, 377, 378, 379, 380, 381, 382, 383, 392, 393, 396, 400, 401, 402, 403, 404, 405, 406, 408, 411, 418], "excluded_lines": []}, "": {"executed_lines": [], "summary": {"covered_lines": 0, "num_statements": 23, "percent_covered": 0.0, "percent_covered_display": "0", "missing_lines": 23, "excluded_lines": 0, "percent_statements_covered": 0.0, "percent_statements_covered_display": "0"}, "missing_lines": [7, 8, 9, 11, 12, 14, 15, 16, 18, 21, 24, 29, 87, 101, 118, 141, 192, 235, 296, 359, 385, 428, 430], "excluded_lines": []}}}, "app/services/webhook_manager.py": {"executed_lines": [1, 7, 8, 9, 10, 11, 12, 13, 14, 15, 16, 18, 20, 22, 23, 24, 26, 29, 30, 32, 35, 46, 47, 107, 111, 115, 119, 125, 172, 299], "summary": {"covered_lines": 28, "num_statements": 149, "percent_covered": 18.79194630872483, "percent_covered_display": "19", "missing_lines": 121, "excluded_lines": 0, "percent_statements_covered": 18.79194630872483, "percent_statements_covered_display": "19"}, "missing_lines": [57, 59, 60, 61, 62, 64, 65, 66, 69, 78, 79, 82, 83, 84, 85, 86, 89, 90, 91, 94, 95, 97, 98, 99, 100, 102, 104, 105, 109, 113, 117, 121, 122, 123, 144, 146, 149, 150, 152, 162, 163, 164, 165, 166, 167, 168, 169, 170, 184, 188, 189, 190, 193, 194, 197, 198, 199, 200, 201, 203, 215, 217, 219, 220, 221, 222, 225, 227, 230, 231, 237, 238, 240, 241, 242, 243, 244, 245, 246, 247, 248, 249, 252, 253, 254, 258, 259, 261, 262, 263, 264, 265, 266, 267, 269, 270, 271, 272, 274, 275, 276, 280, 281, 282, 284, 285, 286, 287, 289, 290, 291, 295, 296, 297, 309, 310, 320, 321, 322, 323, 325], "excluded_lines": [], "functions": {"WebhookManager._validate_webhook_url": {"executed_lines": [], "summary": {"covered_lines": 0, "num_statements": 28, "percent_covered": 0.0, "percent_covered_display": "0", "missing_lines": 28, "excluded_lines": 0, "percent_statements_covered": 0.0, "percent_statements_covered_display": "0"}, "missing_lines": [57, 59, 60, 61, 62, 64, 65, 66, 69, 78, 79, 82, 83, 84, 85, 86, 89, 90, 91, 94, 95, 97, 98, 99, 100, 102, 104, 105], "excluded_lines": []}, "WebhookManager.__init__": {"executed_lines": [], "summary": {"covered_lines": 0, "num_statements": 1, "percent_covered": 0.0, "percent_covered_display": "0", "missing_lines": 1, "excluded_lines": 0, "percent_statements_covered": 0.0, "percent_statements_covered_display": "0"}, "missing_lines": [109], "excluded_lines": []}, "WebhookManager.__aenter__": {"executed_lines": [], "summary": {"covered_lines": 0, "num_statements": 1, "percent_covered": 0.0, "percent_covered_display": "0", "missing_lines": 1, "excluded_lines": 0, "percent_statements_covered": 0.0, "percent_statements_covered_display": "0"}, "missing_lines": [113], "excluded_lines": []}, "WebhookManager.__aexit__": {"executed_lines": [], "summary": {"covered_lines": 0, "num_statements": 1, "percent_covered": 0.0, "percent_covered_display": "0", "missing_lines": 1, "excluded_lines": 0, "percent_statements_covered": 0.0, "percent_statements_covered_display": "0"}, "missing_lines": [117], "excluded_lines": []}, "WebhookManager.close": {"executed_lines": [], "summary": {"covered_lines": 0, "num_statements": 3, "percent_covered": 0.0, "percent_covered_display": "0", "missing_lines": 3, "excluded_lines": 0, "percent_statements_covered": 0.0, "percent_statements_covered_display": "0"}, "missing_lines": [121, 122, 123], "excluded_lines": []}, "WebhookManager.create_webhook_delivery": {"executed_lines": [], "summary": {"covered_lines": 0, "num_statements": 14, "percent_covered": 0.0, "percent_covered_display": "0", "missing_lines": 14, "excluded_lines": 0, "percent_statements_covered": 0.0, "percent_statements_covered_display": "0"}, "missing_lines": [144, 146, 149, 150, 152, 162, 163, 164, 165, 166, 167, 168, 169, 170], "excluded_lines": []}, "WebhookManager.deliver_webhook": {"executed_lines": [], "summary": {"covered_lines": 0, "num_statements": 66, "percent_covered": 0.0, "percent_covered_display": "0", "missing_lines": 66, "excluded_lines": 0, "percent_statements_covered": 0.0, "percent_statements_covered_display": "0"}, "missing_lines": [184, 188, 189, 190, 193, 194, 197, 198, 199, 200, 201, 203, 215, 217, 219, 220, 221, 222, 225, 227, 230, 231, 237, 238, 240, 241, 242, 243, 244, 245, 246, 247, 248, 249, 252, 253, 254, 258, 259, 261, 262, 263, 264, 265, 266, 267, 269, 270, 271, 272, 274, 275, 276, 280, 281, 282, 284, 285, 286, 287, 289, 290, 291, 295, 296, 297], "excluded_lines": []}, "WebhookManager.process_pending_deliveries": {"executed_lines": [], "summary": {"covered_lines": 0, "num_statements": 7, "percent_covered": 0.0, "percent_covered_display": "0", "missing_lines": 7, "excluded_lines": 0, "percent_statements_covered": 0.0, "percent_statements_covered_display": "0"}, "missing_lines": [309, 310, 320, 321, 322, 323, 325], "excluded_lines": []}, "": {"executed_lines": [1, 7, 8, 9, 10, 11, 12, 13, 14, 15, 16, 18, 20, 22, 23, 24, 26, 29, 30, 32, 35, 46, 47, 107, 111, 115, 119, 125, 172, 299], "summary": {"covered_lines": 28, "num_statements": 28, "percent_covered": 100.0, "percent_covered_display": "100", "missing_lines": 0, "excluded_lines": 0, "percent_statements_covered": 100.0, "percent_statements_covered_display": "100"}, "missing_lines": [], "excluded_lines": []}}, "classes": {"WebhookManager": {"executed_lines": [], "summary": {"covered_lines": 0, "num_statements": 121, "percent_covered": 0.0, "percent_covered_display": "0", "missing_lines": 121, "excluded_lines": 0, "percent_statements_covered": 0.0, "percent_statements_covered_display": "0"}, "missing_lines": [57, 59, 60, 61, 62, 64, 65, 66, 69, 78, 79, 82, 83, 84, 85, 86, 89, 90, 91, 94, 95, 97, 98, 99, 100, 102, 104, 105, 109, 113, 117, 121, 122, 123, 144, 146, 149, 150, 152, 162, 163, 164, 165, 166, 167, 168, 169, 170, 184, 188, 189, 190, 193, 194, 197, 198, 199, 200, 201, 203, 215, 217, 219, 220, 221, 222, 225, 227, 230, 231, 237, 238, 240, 241, 242, 243, 244, 245, 246, 247, 248, 249, 252, 253, 254, 258, 259, 261, 262, 263, 264, 265, 266, 267, 269, 270, 271, 272, 274, 275, 276, 280, 281, 282, 284, 285, 286, 287, 289, 290, 291, 295, 296, 297, 309, 310, 320, 321, 322, 323, 325], "excluded_lines": []}, "": {"executed_lines": [1, 7, 8, 9, 10, 11, 12, 13, 14, 15, 16, 18, 20, 22, 23, 24, 26, 29, 30, 32, 35, 46, 47, 107, 111, 115, 119, 125, 172, 299], "summary": {"covered_lines": 28, "num_statements": 28, "percent_covered": 100.0, "percent_covered_display": "100", "missing_lines": 0, "excluded_lines": 0, "percent_statements_covered": 100.0, "percent_statements_covered_display": "100"}, "missing_lines": [], "excluded_lines": []}}}, "app/tasks/__init__.py": {"executed_lines": [1, 8, 10], "summary": {"covered_lines": 2, "num_statements": 2, "percent_covered": 100.0, "percent_covered_display": "100", "missing_lines": 0, "excluded_lines": 0, "percent_statements_covered": 100.0, "percent_statements_covered_display": "100"}, "missing_lines": [], "excluded_lines": [], "functions": {"": {"executed_lines": [1, 8, 10], "summary": {"covered_lines": 2, "num_statements": 2, "percent_covered": 100.0, "percent_covered_display": "100", "missing_lines": 0, "excluded_lines": 0, "percent_statements_covered": 100.0, "percent_statements_covered_display": "100"}, "missing_lines": [], "excluded_lines": []}}, "classes": {"": {"executed_lines": [1, 8, 10], "summary": {"covered_lines": 2, "num_statements": 2, "percent_covered": 100.0, "percent_covered_display": "100", "missing_lines": 0, "excluded_lines": 0, "percent_statements_covered": 100.0, "percent_statements_covered_display": "100"}, "missing_lines": [], "excluded_lines": []}}}, "app/tasks/experimental_tasks.py": {"executed_lines": [1, 7, 8, 9, 11, 12, 13, 15, 16, 17, 18, 19, 20, 21, 22, 23, 25, 28, 101, 102, 104, 106, 107, 117, 120, 191, 194, 267, 270, 340, 343, 406, 409], "summary": {"covered_lines": 31, "num_statements": 171, "percent_covered": 18.128654970760234, "percent_covered_display": "18", "missing_lines": 140, "excluded_lines": 0, "percent_statements_covered": 18.128654970760234, "percent_statements_covered_display": "18"}, "missing_lines": [36, 38, 41, 43, 44, 45, 48, 49, 50, 52, 53, 55, 58, 59, 61, 62, 63, 64, 65, 68, 69, 72, 82, 83, 88, 89, 91, 93, 95, 97, 98, 109, 111, 114, 137, 139, 140, 142, 143, 144, 145, 146, 147, 150, 160, 162, 164, 171, 172, 173, 181, 183, 184, 185, 186, 188, 213, 215, 216, 218, 219, 220, 221, 222, 223, 226, 236, 238, 240, 247, 248, 249, 257, 259, 260, 261, 262, 264, 288, 290, 291, 293, 294, 295, 296, 297, 300, 309, 311, 313, 320, 321, 322, 330, 332, 333, 334, 335, 337, 356, 358, 359, 361, 362, 363, 364, 367, 375, 377, 379, 386, 387, 388, 396, 398, 399, 400, 401, 403, 422, 424, 425, 427, 428, 429, 430, 431, 434, 443, 445, 447, 454, 455, 456, 464, 466, 467, 468, 469, 471], "excluded_lines": [], "functions": {"trigger_webhook_on_completion": {"executed_lines": [], "summary": {"covered_lines": 0, "num_statements": 31, "percent_covered": 0.0, "percent_covered_display": "0", "missing_lines": 31, "excluded_lines": 0, "percent_statements_covered": 0.0, "percent_statements_covered_display": "0"}, "missing_lines": [36, 38, 41, 43, 44, 45, 48, 49, 50, 52, 53, 55, 58, 59, 61, 62, 63, 64, 65, 68, 69, 72, 82, 83, 88, 89, 91, 93, 95, 97, 98], "excluded_lines": []}, "APGITask.apgi_system": {"executed_lines": [], "summary": {"covered_lines": 0, "num_statements": 3, "percent_covered": 0.0, "percent_covered_display": "0", "missing_lines": 3, "excluded_lines": 0, "percent_statements_covered": 0.0, "percent_statements_covered_display": "0"}, "missing_lines": [109, 111, 114], "excluded_lines": []}, "execute_iowa_gambling_task": {"executed_lines": [], "summary": {"covered_lines": 0, "num_statements": 22, "percent_covered": 0.0, "percent_covered_display": "0", "missing_lines": 22, "excluded_lines": 0, "percent_statements_covered": 0.0, "percent_statements_covered_display": "0"}, "missing_lines": [137, 139, 140, 142, 143, 144, 145, 146, 147, 150, 160, 162, 164, 171, 172, 173, 181, 183, 184, 185, 186, 188], "excluded_lines": []}, "execute_masking_paradigm_task": {"executed_lines": [], "summary": {"covered_lines": 0, "num_statements": 22, "percent_covered": 0.0, "percent_covered_display": "0", "missing_lines": 22, "excluded_lines": 0, "percent_statements_covered": 0.0, "percent_statements_covered_display": "0"}, "missing_lines": [213, 215, 216, 218, 219, 220, 221, 222, 223, 226, 236, 238, 240, 247, 248, 249, 257, 259, 260, 261, 262, 264], "excluded_lines": []}, "execute_attentional_blink_task": {"executed_lines": [], "summary": {"covered_lines": 0, "num_statements": 21, "percent_covered": 0.0, "percent_covered_display": "0", "missing_lines": 21, "excluded_lines": 0, "percent_statements_covered": 0.0, "percent_statements_covered_display": "0"}, "missing_lines": [288, 290, 291, 293, 294, 295, 296, 297, 300, 309, 311, 313, 320, 321, 322, 330, 332, 333, 334, 335, 337], "excluded_lines": []}, "execute_change_blindness_task": {"executed_lines": [], "summary": {"covered_lines": 0, "num_statements": 20, "percent_covered": 0.0, "percent_covered_display": "0", "missing_lines": 20, "excluded_lines": 0, "percent_statements_covered": 0.0, "percent_statements_covered_display": "0"}, "missing_lines": [356, 358, 359, 361, 362, 363, 364, 367, 375, 377, 379, 386, 387, 388, 396, 398, 399, 400, 401, 403], "excluded_lines": []}, "execute_binocular_rivalry_task": {"executed_lines": [], "summary": {"covered_lines": 0, "num_statements": 21, "percent_covered": 0.0, "percent_covered_display": "0", "missing_lines": 21, "excluded_lines": 0, "percent_statements_covered": 0.0, "percent_statements_covered_display": "0"}, "missing_lines": [422, 424, 425, 427, 428, 429, 430, 431, 434, 443, 445, 447, 454, 455, 456, 464, 466, 467, 468, 469, 471], "excluded_lines": []}, "": {"executed_lines": [1, 7, 8, 9, 11, 12, 13, 15, 16, 17, 18, 19, 20, 21, 22, 23, 25, 28, 101, 102, 104, 106, 107, 117, 120, 191, 194, 267, 270, 340, 343, 406, 409], "summary": {"covered_lines": 31, "num_statements": 31, "percent_covered": 100.0, "percent_covered_display": "100", "missing_lines": 0, "excluded_lines": 0, "percent_statements_covered": 100.0, "percent_statements_covered_display": "100"}, "missing_lines": [], "excluded_lines": []}}, "classes": {"APGITask": {"executed_lines": [], "summary": {"covered_lines": 0, "num_statements": 3, "percent_covered": 0.0, "percent_covered_display": "0", "missing_lines": 3, "excluded_lines": 0, "percent_statements_covered": 0.0, "percent_statements_covered_display": "0"}, "missing_lines": [109, 111, 114], "excluded_lines": []}, "": {"executed_lines": [1, 7, 8, 9, 11, 12, 13, 15, 16, 17, 18, 19, 20, 21, 22, 23, 25, 28, 101, 102, 104, 106, 107, 117, 120, 191, 194, 267, 270, 340, 343, 406, 409], "summary": {"covered_lines": 31, "num_statements": 168, "percent_covered": 18.452380952380953, "percent_covered_display": "18", "missing_lines": 137, "excluded_lines": 0, "percent_statements_covered": 18.452380952380953, "percent_statements_covered_display": "18"}, "missing_lines": [36, 38, 41, 43, 44, 45, 48, 49, 50, 52, 53, 55, 58, 59, 61, 62, 63, 64, 65, 68, 69, 72, 82, 83, 88, 89, 91, 93, 95, 97, 98, 137, 139, 140, 142, 143, 144, 145, 146, 147, 150, 160, 162, 164, 171, 172, 173, 181, 183, 184, 185, 186, 188, 213, 215, 216, 218, 219, 220, 221, 222, 223, 226, 236, 238, 240, 247, 248, 249, 257, 259, 260, 261, 262, 264, 288, 290, 291, 293, 294, 295, 296, 297, 300, 309, 311, 313, 320, 321, 322, 330, 332, 333, 334, 335, 337, 356, 358, 359, 361, 362, 363, 364, 367, 375, 377, 379, 386, 387, 388, 396, 398, 399, 400, 401, 403, 422, 424, 425, 427, 428, 429, 430, 431, 434, 443, 445, 447, 454, 455, 456, 464, 466, 467, 468, 469, 471], "excluded_lines": []}}}, "app/tasks/task_registry.py": {"executed_lines": [1, 7, 8, 10, 19, 20, 22, 23, 24, 25, 26, 30, 40, 49, 68, 87, 97], "summary": {"covered_lines": 15, "num_statements": 27, "percent_covered": 55.55555555555556, "percent_covered_display": "56", "missing_lines": 12, "excluded_lines": 0, "percent_statements_covered": 55.55555555555556, "percent_statements_covered_display": "56"}, "missing_lines": [62, 63, 65, 81, 82, 84, 94, 110, 111, 112, 113, 114], "excluded_lines": [], "functions": {"get_task_function": {"executed_lines": [], "summary": {"covered_lines": 0, "num_statements": 3, "percent_covered": 0.0, "percent_covered_display": "0", "missing_lines": 3, "excluded_lines": 0, "percent_statements_covered": 0.0, "percent_statements_covered_display": "0"}, "missing_lines": [62, 63, 65], "excluded_lines": []}, "get_task_name": {"executed_lines": [], "summary": {"covered_lines": 0, "num_statements": 3, "percent_covered": 0.0, "percent_covered_display": "0", "missing_lines": 3, "excluded_lines": 0, "percent_statements_covered": 0.0, "percent_statements_covered_display": "0"}, "missing_lines": [81, 82, 84], "excluded_lines": []}, "list_available_tasks": {"executed_lines": [], "summary": {"covered_lines": 0, "num_statements": 1, "percent_covered": 0.0, "percent_covered_display": "0", "missing_lines": 1, "excluded_lines": 0, "percent_statements_covered": 0.0, "percent_statements_covered_display": "0"}, "missing_lines": [94], "excluded_lines": []}, "validate_task_type": {"executed_lines": [], "summary": {"covered_lines": 0, "num_statements": 5, "percent_covered": 0.0, "percent_covered_display": "0", "missing_lines": 5, "excluded_lines": 0, "percent_statements_covered": 0.0, "percent_statements_covered_display": "0"}, "missing_lines": [110, 111, 112, 113, 114], "excluded_lines": []}, "": {"executed_lines": [1, 7, 8, 10, 19, 20, 22, 23, 24, 25, 26, 30, 40, 49, 68, 87, 97], "summary": {"covered_lines": 15, "num_statements": 15, "percent_covered": 100.0, "percent_covered_display": "100", "missing_lines": 0, "excluded_lines": 0, "percent_statements_covered": 100.0, "percent_statements_covered_display": "100"}, "missing_lines": [], "excluded_lines": []}}, "classes": {"TaskType": {"executed_lines": [], "summary": {"covered_lines": 0, "num_statements": 0, "percent_covered": 100.0, "percent_covered_display": "100", "missing_lines": 0, "excluded_lines": 0, "percent_statements_covered": 100.0, "percent_statements_covered_display": "100"}, "missing_lines": [], "excluded_lines": []}, "": {"executed_lines": [1, 7, 8, 10, 19, 20, 22, 23, 24, 25, 26, 30, 40, 49, 68, 87, 97], "summary": {"covered_lines": 15, "num_statements": 27, "percent_covered": 55.55555555555556, "percent_covered_display": "56", "missing_lines": 12, "excluded_lines": 0, "percent_statements_covered": 55.55555555555556, "percent_statements_covered_display": "56"}, "missing_lines": [62, 63, 65, 81, 82, 84, 94, 110, 111, 112, 113, 114], "excluded_lines": []}}}, "app/tracing.py": {"executed_lines": [], "summary": {"covered_lines": 0, "num_statements": 50, "percent_covered": 0.0, "percent_covered_display": "0", "missing_lines": 50, "excluded_lines": 0, "percent_statements_covered": 0.0, "percent_statements_covered_display": "0"}, "missing_lines": [7, 8, 9, 12, 13, 14, 15, 16, 17, 18, 19, 20, 21, 23, 24, 26, 27, 35, 41, 42, 43, 46, 47, 48, 49, 50, 52, 53, 56, 68, 74, 80, 81, 83, 84, 85, 88, 94, 95, 96, 98, 100, 101, 104, 107, 110, 113, 123, 124, 126], "excluded_lines": [], "functions": {"configure_distributed_tracing": {"executed_lines": [], "summary": {"covered_lines": 0, "num_statements": 18, "percent_covered": 0.0, "percent_covered_display": "0", "missing_lines": 18, "excluded_lines": 0, "percent_statements_covered": 0.0, "percent_statements_covered_display": "0"}, "missing_lines": [41, 42, 43, 46, 47, 48, 49, 50, 52, 53, 56, 68, 74, 80, 81, 83, 84, 85], "excluded_lines": []}, "instrument_application": {"executed_lines": [], "summary": {"covered_lines": 0, "num_statements": 9, "percent_covered": 0.0, "percent_covered_display": "0", "missing_lines": 9, "excluded_lines": 0, "percent_statements_covered": 0.0, "percent_statements_covered_display": "0"}, "missing_lines": [94, 95, 96, 98, 100, 101, 104, 107, 110], "excluded_lines": []}, "get_tracer": {"executed_lines": [], "summary": {"covered_lines": 0, "num_statements": 3, "percent_covered": 0.0, "percent_covered_display": "0", "missing_lines": 3, "excluded_lines": 0, "percent_statements_covered": 0.0, "percent_statements_covered_display": "0"}, "missing_lines": [123, 124, 126], "excluded_lines": []}, "": {"executed_lines": [], "summary": {"covered_lines": 0, "num_statements": 20, "percent_covered": 0.0, "percent_covered_display": "0", "missing_lines": 20, "excluded_lines": 0, "percent_statements_covered": 0.0, "percent_statements_covered_display": "0"}, "missing_lines": [7, 8, 9, 12, 13, 14, 15, 16, 17, 18, 19, 20, 21, 23, 24, 26, 27, 35, 88, 113], "excluded_lines": []}}, "classes": {"": {"executed_lines": [], "summary": {"covered_lines": 0, "num_statements": 50, "percent_covered": 0.0, "percent_covered_display": "0", "missing_lines": 50, "excluded_lines": 0, "percent_statements_covered": 0.0, "percent_statements_covered_display": "0"}, "missing_lines": [7, 8, 9, 12, 13, 14, 15, 16, 17, 18, 19, 20, 21, 23, 24, 26, 27, 35, 41, 42, 43, 46, 47, 48, 49, 50, 52, 53, 56, 68, 74, 80, 81, 83, 84, 85, 88, 94, 95, 96, 98, 100, 101, 104, 107, 110, 113, 123, 124, 126], "excluded_lines": []}}}}, "totals": {"covered_lines": 1508, "num_statements": 7003, "percent_covered": 21.533628444952164, "percent_covered_display": "22", "missing_lines": 5495, "excluded_lines": 43, "percent_statements_covered": 21.533628444952164, "percent_statements_covered_display": "22"}}